  [1m[35m (28.5ms)[0m  [1m[35mCREATE TABLE "schema_migrations" ("version" varchar NOT NULL PRIMARY KEY)[0m
  [1m[35m (9.5ms)[0m  [1m[35mCREATE TABLE "ar_internal_metadata" ("key" varchar NOT NULL PRIMARY KEY, "value" varchar, "created_at" datetime(6) NOT NULL, "updated_at" datetime(6) NOT NULL)[0m
  [1m[36mActiveRecord::InternalMetadata Load (0.8ms)[0m  [1m[34mSELECT "ar_internal_metadata".* FROM "ar_internal_metadata" WHERE "ar_internal_metadata"."key" = ? LIMIT ?[0m  [["key", "environment"], ["LIMIT", 1]]
  [1m[36mTRANSACTION (0.2ms)[0m  [1m[36mbegin transaction[0m
  [1m[36mActiveRecord::InternalMetadata Create (0.7ms)[0m  [1m[32mINSERT INTO "ar_internal_metadata" ("key", "value", "created_at", "updated_at") VALUES (?, ?, ?, ?)[0m  [["key", "environment"], ["value", "development"], ["created_at", "2023-03-30 14:29:15.288371"], ["updated_at", "2023-03-30 14:29:15.288371"]]
  [1m[36mTRANSACTION (12.6ms)[0m  [1m[36mcommit transaction[0m
  [1m[36mActiveRecord::SchemaMigration Pluck (0.3ms)[0m  [1m[34mSELECT "schema_migrations"."version" FROM "schema_migrations" ORDER BY "schema_migrations"."version" ASC[0m
  [1m[36mActiveRecord::SchemaMigration Pluck (0.2ms)[0m  [1m[34mSELECT "schema_migrations"."version" FROM "schema_migrations" ORDER BY "schema_migrations"."version" ASC[0m
  [1m[36mActiveRecord::SchemaMigration Pluck (0.1ms)[0m  [1m[34mSELECT "schema_migrations"."version" FROM "schema_migrations" ORDER BY "schema_migrations"."version" ASC[0m
  [1m[36mActiveRecord::SchemaMigration Pluck (0.2ms)[0m  [1m[34mSELECT "schema_migrations"."version" FROM "schema_migrations" ORDER BY "schema_migrations"."version" ASC[0m
  [1m[36mActiveRecord::SchemaMigration Pluck (0.1ms)[0m  [1m[34mSELECT "schema_migrations"."version" FROM "schema_migrations" ORDER BY "schema_migrations"."version" ASC[0m
  [1m[36mActiveRecord::InternalMetadata Load (0.2ms)[0m  [1m[34mSELECT "ar_internal_metadata".* FROM "ar_internal_metadata" WHERE "ar_internal_metadata"."key" = ? LIMIT ?[0m  [["key", "environment"], ["LIMIT", 1]]
  [1m[36mActiveRecord::SchemaMigration Pluck (0.1ms)[0m  [1m[34mSELECT "schema_migrations"."version" FROM "schema_migrations" ORDER BY "schema_migrations"."version" ASC[0m
  [1m[36mActiveRecord::SchemaMigration Pluck (0.1ms)[0m  [1m[34mSELECT "schema_migrations"."version" FROM "schema_migrations" ORDER BY "schema_migrations"."version" ASC[0m
  [1m[36mActiveRecord::SchemaMigration Pluck (0.2ms)[0m  [1m[34mSELECT "schema_migrations"."version" FROM "schema_migrations" ORDER BY "schema_migrations"."version" ASC[0m
Migrating to CreateHeros (20230330144858)
  [1m[36mTRANSACTION (0.1ms)[0m  [1m[36mbegin transaction[0m
  [1m[35m (0.5ms)[0m  [1m[35mCREATE TABLE "heros" ("id" integer PRIMARY KEY AUTOINCREMENT NOT NULL, "name" varchar, "super_name" varchar, "created_at" datetime(6) NOT NULL, "updated_at" datetime(6) NOT NULL)[0m
  [1m[36mActiveRecord::SchemaMigration Create (0.2ms)[0m  [1m[32mINSERT INTO "schema_migrations" ("version") VALUES (?)[0m  [["version", "20230330144858"]]
  [1m[36mTRANSACTION (8.7ms)[0m  [1m[36mcommit transaction[0m
  [1m[36mActiveRecord::InternalMetadata Load (0.4ms)[0m  [1m[34mSELECT "ar_internal_metadata".* FROM "ar_internal_metadata" WHERE "ar_internal_metadata"."key" = ? LIMIT ?[0m  [["key", "environment"], ["LIMIT", 1]]
  [1m[36mActiveRecord::SchemaMigration Pluck (0.3ms)[0m  [1m[34mSELECT "schema_migrations"."version" FROM "schema_migrations" ORDER BY "schema_migrations"."version" ASC[0m
  [1m[36mActiveRecord::SchemaMigration Pluck (0.2ms)[0m  [1m[34mSELECT "schema_migrations"."version" FROM "schema_migrations" ORDER BY "schema_migrations"."version" ASC[0m
  [1m[36mTRANSACTION (0.1ms)[0m  [1m[36mbegin transaction[0m
  [1m[36mHero Create (0.2ms)[0m  [1m[32mINSERT INTO "heros" ("name", "super_name", "created_at", "updated_at") VALUES (?, ?, ?, ?)[0m  [["name", "Hulk"], ["super_name", "The Incredible Hulk"], ["created_at", "2023-03-30 14:52:35.906469"], ["updated_at", "2023-03-30 14:52:35.906469"]]
  [1m[36mTRANSACTION (4.3ms)[0m  [1m[36mcommit transaction[0m
  [1m[36mTRANSACTION (0.1ms)[0m  [1m[36mbegin transaction[0m
  [1m[36mHero Create (0.4ms)[0m  [1m[32mINSERT INTO "heros" ("name", "super_name", "created_at", "updated_at") VALUES (?, ?, ?, ?)[0m  [["name", "Thor"], ["super_name", "The God of Thunder"], ["created_at", "2023-03-30 14:52:35.914492"], ["updated_at", "2023-03-30 14:52:35.914492"]]
  [1m[36mTRANSACTION (4.2ms)[0m  [1m[36mcommit transaction[0m
  [1m[36mTRANSACTION (0.1ms)[0m  [1m[36mbegin transaction[0m
  [1m[36mHero Create (0.3ms)[0m  [1m[32mINSERT INTO "heros" ("name", "super_name", "created_at", "updated_at") VALUES (?, ?, ?, ?)[0m  [["name", "Iron Man"], ["super_name", "The Armored Avenger"], ["created_at", "2023-03-30 14:52:35.923624"], ["updated_at", "2023-03-30 14:52:35.923624"]]
  [1m[36mTRANSACTION (3.8ms)[0m  [1m[36mcommit transaction[0m
  [1m[36mTRANSACTION (0.1ms)[0m  [1m[36mbegin transaction[0m
  [1m[36mHero Create (0.3ms)[0m  [1m[32mINSERT INTO "heros" ("name", "super_name", "created_at", "updated_at") VALUES (?, ?, ?, ?)[0m  [["name", "Captain America"], ["super_name", "The First Avenger"], ["created_at", "2023-03-30 14:52:35.932170"], ["updated_at", "2023-03-30 14:52:35.932170"]]
  [1m[36mTRANSACTION (3.8ms)[0m  [1m[36mcommit transaction[0m
  [1m[36mTRANSACTION (0.0ms)[0m  [1m[36mbegin transaction[0m
  [1m[36mHero Create (0.2ms)[0m  [1m[32mINSERT INTO "heros" ("name", "super_name", "created_at", "updated_at") VALUES (?, ?, ?, ?)[0m  [["name", "Black Widow"], ["super_name", "The Russian Spy"], ["created_at", "2023-03-30 14:52:35.940544"], ["updated_at", "2023-03-30 14:52:35.940544"]]
  [1m[36mTRANSACTION (3.8ms)[0m  [1m[36mcommit transaction[0m
  [1m[36mActiveRecord::SchemaMigration Pluck (0.2ms)[0m  [1m[34mSELECT "schema_migrations"."version" FROM "schema_migrations" ORDER BY "schema_migrations"."version" ASC[0m
Migrating to CreatePowers (20230330145855)
  [1m[36mTRANSACTION (0.1ms)[0m  [1m[36mbegin transaction[0m
  [1m[35m (0.4ms)[0m  [1m[35mCREATE TABLE "powers" ("id" integer PRIMARY KEY AUTOINCREMENT NOT NULL, "name" varchar, "description" varchar, "created_at" datetime(6) NOT NULL, "updated_at" datetime(6) NOT NULL)[0m
  [1m[36mActiveRecord::SchemaMigration Create (2.3ms)[0m  [1m[32mINSERT INTO "schema_migrations" ("version") VALUES (?)[0m  [["version", "20230330145855"]]
  [1m[36mTRANSACTION (14.1ms)[0m  [1m[36mcommit transaction[0m
  [1m[36mActiveRecord::InternalMetadata Load (0.3ms)[0m  [1m[34mSELECT "ar_internal_metadata".* FROM "ar_internal_metadata" WHERE "ar_internal_metadata"."key" = ? LIMIT ?[0m  [["key", "environment"], ["LIMIT", 1]]
  [1m[36mActiveRecord::SchemaMigration Pluck (0.2ms)[0m  [1m[34mSELECT "schema_migrations"."version" FROM "schema_migrations" ORDER BY "schema_migrations"."version" ASC[0m
  [1m[36mActiveRecord::SchemaMigration Pluck (0.1ms)[0m  [1m[34mSELECT "schema_migrations"."version" FROM "schema_migrations" ORDER BY "schema_migrations"."version" ASC[0m
  [1m[36mTRANSACTION (0.1ms)[0m  [1m[36mbegin transaction[0m
  [1m[36mPower Create (0.3ms)[0m  [1m[32mINSERT INTO "powers" ("name", "description", "created_at", "updated_at") VALUES (?, ?, ?, ?)[0m  [["name", "Super Strength"], ["description", "The ability to lift and move objects beyond human capability."], ["created_at", "2023-03-30 15:01:36.765901"], ["updated_at", "2023-03-30 15:01:36.765901"]]
  [1m[36mTRANSACTION (4.1ms)[0m  [1m[36mcommit transaction[0m
  [1m[36mTRANSACTION (0.0ms)[0m  [1m[36mbegin transaction[0m
  [1m[36mPower Create (0.2ms)[0m  [1m[32mINSERT INTO "powers" ("name", "description", "created_at", "updated_at") VALUES (?, ?, ?, ?)[0m  [["name", "Flight"], ["description", "The power to propel oneself through the air."], ["created_at", "2023-03-30 15:01:36.773543"], ["updated_at", "2023-03-30 15:01:36.773543"]]
  [1m[36mTRANSACTION (4.2ms)[0m  [1m[36mcommit transaction[0m
  [1m[36mTRANSACTION (0.2ms)[0m  [1m[36mbegin transaction[0m
  [1m[36mPower Create (0.4ms)[0m  [1m[32mINSERT INTO "powers" ("name", "description", "created_at", "updated_at") VALUES (?, ?, ?, ?)[0m  [["name", "Energy Blasts"], ["description", "The ability to generate and emit powerful energy blasts."], ["created_at", "2023-03-30 15:01:36.781998"], ["updated_at", "2023-03-30 15:01:36.781998"]]
  [1m[36mTRANSACTION (4.5ms)[0m  [1m[36mcommit transaction[0m
  [1m[36mTRANSACTION (0.1ms)[0m  [1m[36mbegin transaction[0m
  [1m[36mPower Create (0.4ms)[0m  [1m[32mINSERT INTO "powers" ("name", "description", "created_at", "updated_at") VALUES (?, ?, ?, ?)[0m  [["name", "Telekinesis"], ["description", "The power to move objects with the mind."], ["created_at", "2023-03-30 15:01:36.793276"], ["updated_at", "2023-03-30 15:01:36.793276"]]
  [1m[36mTRANSACTION (4.1ms)[0m  [1m[36mcommit transaction[0m
  [1m[36mTRANSACTION (0.1ms)[0m  [1m[36mbegin transaction[0m
  [1m[36mPower Create (0.3ms)[0m  [1m[32mINSERT INTO "powers" ("name", "description", "created_at", "updated_at") VALUES (?, ?, ?, ?)[0m  [["name", "Invisibility"], ["description", "The ability to become invisible to the naked eye."], ["created_at", "2023-03-30 15:01:36.804482"], ["updated_at", "2023-03-30 15:01:36.804482"]]
  [1m[36mTRANSACTION (3.8ms)[0m  [1m[36mcommit transaction[0m
  [1m[36mTRANSACTION (0.1ms)[0m  [1m[36mbegin transaction[0m
  [1m[36mHero Create (0.2ms)[0m  [1m[32mINSERT INTO "heros" ("name", "super_name", "created_at", "updated_at") VALUES (?, ?, ?, ?)[0m  [["name", "Hulk"], ["super_name", "The Incredible Hulk"], ["created_at", "2023-03-30 15:01:36.822085"], ["updated_at", "2023-03-30 15:01:36.822085"]]
  [1m[36mTRANSACTION (3.5ms)[0m  [1m[36mcommit transaction[0m
  [1m[36mTRANSACTION (0.0ms)[0m  [1m[36mbegin transaction[0m
  [1m[36mHero Create (0.2ms)[0m  [1m[32mINSERT INTO "heros" ("name", "super_name", "created_at", "updated_at") VALUES (?, ?, ?, ?)[0m  [["name", "Thor"], ["super_name", "The God of Thunder"], ["created_at", "2023-03-30 15:01:36.828721"], ["updated_at", "2023-03-30 15:01:36.828721"]]
  [1m[36mTRANSACTION (4.1ms)[0m  [1m[36mcommit transaction[0m
  [1m[36mTRANSACTION (0.0ms)[0m  [1m[36mbegin transaction[0m
  [1m[36mHero Create (0.3ms)[0m  [1m[32mINSERT INTO "heros" ("name", "super_name", "created_at", "updated_at") VALUES (?, ?, ?, ?)[0m  [["name", "Iron Man"], ["super_name", "The Armored Avenger"], ["created_at", "2023-03-30 15:01:36.835968"], ["updated_at", "2023-03-30 15:01:36.835968"]]
  [1m[36mTRANSACTION (3.9ms)[0m  [1m[36mcommit transaction[0m
  [1m[36mTRANSACTION (0.1ms)[0m  [1m[36mbegin transaction[0m
  [1m[36mHero Create (0.3ms)[0m  [1m[32mINSERT INTO "heros" ("name", "super_name", "created_at", "updated_at") VALUES (?, ?, ?, ?)[0m  [["name", "Captain America"], ["super_name", "The First Avenger"], ["created_at", "2023-03-30 15:01:36.843387"], ["updated_at", "2023-03-30 15:01:36.843387"]]
  [1m[36mTRANSACTION (3.9ms)[0m  [1m[36mcommit transaction[0m
  [1m[36mTRANSACTION (0.0ms)[0m  [1m[36mbegin transaction[0m
  [1m[36mHero Create (0.3ms)[0m  [1m[32mINSERT INTO "heros" ("name", "super_name", "created_at", "updated_at") VALUES (?, ?, ?, ?)[0m  [["name", "Black Widow"], ["super_name", "The Russian Spy"], ["created_at", "2023-03-30 15:01:36.851315"], ["updated_at", "2023-03-30 15:01:36.851315"]]
  [1m[36mTRANSACTION (3.6ms)[0m  [1m[36mcommit transaction[0m
  [1m[36mActiveRecord::SchemaMigration Pluck (0.1ms)[0m  [1m[34mSELECT "schema_migrations"."version" FROM "schema_migrations" ORDER BY "schema_migrations"."version" ASC[0m
Migrating to CreateHeroPowers (20230330150313)
  [1m[36mTRANSACTION (0.1ms)[0m  [1m[36mbegin transaction[0m
  [1m[35m (0.5ms)[0m  [1m[35mCREATE TABLE "hero_powers" ("id" integer PRIMARY KEY AUTOINCREMENT NOT NULL, "hero_id" integer NOT NULL, "power_id" integer NOT NULL, "created_at" datetime(6) NOT NULL, "updated_at" datetime(6) NOT NULL, CONSTRAINT "fk_rails_a064e6fddd"
FOREIGN KEY ("hero_id")
  REFERENCES "heros" ("id")
, CONSTRAINT "fk_rails_1e7d81986f"
FOREIGN KEY ("power_id")
  REFERENCES "powers" ("id")
)[0m
  [1m[35m (0.2ms)[0m  [1m[35mCREATE INDEX "index_hero_powers_on_hero_id" ON "hero_powers" ("hero_id")[0m
  [1m[35m (0.2ms)[0m  [1m[35mCREATE INDEX "index_hero_powers_on_power_id" ON "hero_powers" ("power_id")[0m
  [1m[36mActiveRecord::SchemaMigration Create (0.2ms)[0m  [1m[32mINSERT INTO "schema_migrations" ("version") VALUES (?)[0m  [["version", "20230330150313"]]
  [1m[36mTRANSACTION (11.8ms)[0m  [1m[36mcommit transaction[0m
  [1m[36mActiveRecord::InternalMetadata Load (0.3ms)[0m  [1m[34mSELECT "ar_internal_metadata".* FROM "ar_internal_metadata" WHERE "ar_internal_metadata"."key" = ? LIMIT ?[0m  [["key", "environment"], ["LIMIT", 1]]
  [1m[36mActiveRecord::SchemaMigration Pluck (0.1ms)[0m  [1m[34mSELECT "schema_migrations"."version" FROM "schema_migrations" ORDER BY "schema_migrations"."version" ASC[0m
  [1m[36mActiveRecord::SchemaMigration Pluck (0.1ms)[0m  [1m[34mSELECT "schema_migrations"."version" FROM "schema_migrations" ORDER BY "schema_migrations"."version" ASC[0m
  [1m[36mTRANSACTION (0.1ms)[0m  [1m[36mbegin transaction[0m
  [1m[36mPower Create (0.3ms)[0m  [1m[32mINSERT INTO "powers" ("name", "description", "created_at", "updated_at") VALUES (?, ?, ?, ?)[0m  [["name", "Super Strength"], ["description", "The ability to lift and move objects beyond human capability."], ["created_at", "2023-03-30 15:04:52.260004"], ["updated_at", "2023-03-30 15:04:52.260004"]]
  [1m[36mTRANSACTION (4.1ms)[0m  [1m[36mcommit transaction[0m
  [1m[36mTRANSACTION (0.1ms)[0m  [1m[36mbegin transaction[0m
  [1m[36mPower Create (0.2ms)[0m  [1m[32mINSERT INTO "powers" ("name", "description", "created_at", "updated_at") VALUES (?, ?, ?, ?)[0m  [["name", "Flight"], ["description", "The power to propel oneself through the air."], ["created_at", "2023-03-30 15:04:52.269599"], ["updated_at", "2023-03-30 15:04:52.269599"]]
  [1m[36mTRANSACTION (3.7ms)[0m  [1m[36mcommit transaction[0m
  [1m[36mTRANSACTION (0.1ms)[0m  [1m[36mbegin transaction[0m
  [1m[36mPower Create (0.3ms)[0m  [1m[32mINSERT INTO "powers" ("name", "description", "created_at", "updated_at") VALUES (?, ?, ?, ?)[0m  [["name", "Energy Blasts"], ["description", "The ability to generate and emit powerful energy blasts."], ["created_at", "2023-03-30 15:04:52.276829"], ["updated_at", "2023-03-30 15:04:52.276829"]]
  [1m[36mTRANSACTION (4.2ms)[0m  [1m[36mcommit transaction[0m
  [1m[36mTRANSACTION (0.1ms)[0m  [1m[36mbegin transaction[0m
  [1m[36mPower Create (0.2ms)[0m  [1m[32mINSERT INTO "powers" ("name", "description", "created_at", "updated_at") VALUES (?, ?, ?, ?)[0m  [["name", "Telekinesis"], ["description", "The power to move objects with the mind."], ["created_at", "2023-03-30 15:04:52.285198"], ["updated_at", "2023-03-30 15:04:52.285198"]]
  [1m[36mTRANSACTION (3.9ms)[0m  [1m[36mcommit transaction[0m
  [1m[36mTRANSACTION (0.0ms)[0m  [1m[36mbegin transaction[0m
  [1m[36mPower Create (0.2ms)[0m  [1m[32mINSERT INTO "powers" ("name", "description", "created_at", "updated_at") VALUES (?, ?, ?, ?)[0m  [["name", "Invisibility"], ["description", "The ability to become invisible to the naked eye."], ["created_at", "2023-03-30 15:04:52.292486"], ["updated_at", "2023-03-30 15:04:52.292486"]]
  [1m[36mTRANSACTION (4.2ms)[0m  [1m[36mcommit transaction[0m
  [1m[36mTRANSACTION (0.1ms)[0m  [1m[36mbegin transaction[0m
  [1m[36mHero Create (0.2ms)[0m  [1m[32mINSERT INTO "heros" ("name", "super_name", "created_at", "updated_at") VALUES (?, ?, ?, ?)[0m  [["name", "Hulk"], ["super_name", "The Incredible Hulk"], ["created_at", "2023-03-30 15:04:52.308984"], ["updated_at", "2023-03-30 15:04:52.308984"]]
  [1m[36mTRANSACTION (3.7ms)[0m  [1m[36mcommit transaction[0m
  [1m[36mTRANSACTION (0.1ms)[0m  [1m[36mbegin transaction[0m
  [1m[36mHero Create (0.2ms)[0m  [1m[32mINSERT INTO "heros" ("name", "super_name", "created_at", "updated_at") VALUES (?, ?, ?, ?)[0m  [["name", "Thor"], ["super_name", "The God of Thunder"], ["created_at", "2023-03-30 15:04:52.315791"], ["updated_at", "2023-03-30 15:04:52.315791"]]
  [1m[36mTRANSACTION (4.7ms)[0m  [1m[36mcommit transaction[0m
  [1m[36mTRANSACTION (0.1ms)[0m  [1m[36mbegin transaction[0m
  [1m[36mHero Create (0.5ms)[0m  [1m[32mINSERT INTO "heros" ("name", "super_name", "created_at", "updated_at") VALUES (?, ?, ?, ?)[0m  [["name", "Iron Man"], ["super_name", "The Armored Avenger"], ["created_at", "2023-03-30 15:04:52.325504"], ["updated_at", "2023-03-30 15:04:52.325504"]]
  [1m[36mTRANSACTION (4.2ms)[0m  [1m[36mcommit transaction[0m
  [1m[36mTRANSACTION (0.1ms)[0m  [1m[36mbegin transaction[0m
  [1m[36mHero Create (0.3ms)[0m  [1m[32mINSERT INTO "heros" ("name", "super_name", "created_at", "updated_at") VALUES (?, ?, ?, ?)[0m  [["name", "Captain America"], ["super_name", "The First Avenger"], ["created_at", "2023-03-30 15:04:52.336732"], ["updated_at", "2023-03-30 15:04:52.336732"]]
  [1m[36mTRANSACTION (4.4ms)[0m  [1m[36mcommit transaction[0m
  [1m[36mTRANSACTION (0.1ms)[0m  [1m[36mbegin transaction[0m
  [1m[36mHero Create (1.0ms)[0m  [1m[32mINSERT INTO "heros" ("name", "super_name", "created_at", "updated_at") VALUES (?, ?, ?, ?)[0m  [["name", "Black Widow"], ["super_name", "The Russian Spy"], ["created_at", "2023-03-30 15:04:52.347721"], ["updated_at", "2023-03-30 15:04:52.347721"]]
  [1m[36mTRANSACTION (4.3ms)[0m  [1m[36mcommit transaction[0m
  [1m[36mActiveRecord::SchemaMigration Pluck (0.1ms)[0m  [1m[34mSELECT "schema_migrations"."version" FROM "schema_migrations" ORDER BY "schema_migrations"."version" ASC[0m
  [1m[36mTRANSACTION (0.1ms)[0m  [1m[36mbegin transaction[0m
  [1m[36mPower Create (0.3ms)[0m  [1m[32mINSERT INTO "powers" ("name", "description", "created_at", "updated_at") VALUES (?, ?, ?, ?)[0m  [["name", "Super Strength"], ["description", "The ability to lift and move objects beyond human capability."], ["created_at", "2023-03-30 15:17:22.677978"], ["updated_at", "2023-03-30 15:17:22.677978"]]
  [1m[36mTRANSACTION (4.5ms)[0m  [1m[36mcommit transaction[0m
  [1m[36mTRANSACTION (0.0ms)[0m  [1m[36mbegin transaction[0m
  [1m[36mPower Create (0.2ms)[0m  [1m[32mINSERT INTO "powers" ("name", "description", "created_at", "updated_at") VALUES (?, ?, ?, ?)[0m  [["name", "Flight"], ["description", "The power to propel oneself through the air."], ["created_at", "2023-03-30 15:17:22.686031"], ["updated_at", "2023-03-30 15:17:22.686031"]]
  [1m[36mTRANSACTION (3.9ms)[0m  [1m[36mcommit transaction[0m
  [1m[36mTRANSACTION (0.0ms)[0m  [1m[36mbegin transaction[0m
  [1m[36mPower Create (0.2ms)[0m  [1m[32mINSERT INTO "powers" ("name", "description", "created_at", "updated_at") VALUES (?, ?, ?, ?)[0m  [["name", "Energy Blasts"], ["description", "The ability to generate and emit powerful energy blasts."], ["created_at", "2023-03-30 15:17:22.693062"], ["updated_at", "2023-03-30 15:17:22.693062"]]
  [1m[36mTRANSACTION (3.8ms)[0m  [1m[36mcommit transaction[0m
  [1m[36mTRANSACTION (0.0ms)[0m  [1m[36mbegin transaction[0m
  [1m[36mPower Create (0.2ms)[0m  [1m[32mINSERT INTO "powers" ("name", "description", "created_at", "updated_at") VALUES (?, ?, ?, ?)[0m  [["name", "Telekinesis"], ["description", "The power to move objects with the mind."], ["created_at", "2023-03-30 15:17:22.700916"], ["updated_at", "2023-03-30 15:17:22.700916"]]
  [1m[36mTRANSACTION (4.4ms)[0m  [1m[36mcommit transaction[0m
  [1m[36mTRANSACTION (0.0ms)[0m  [1m[36mbegin transaction[0m
  [1m[36mPower Create (0.4ms)[0m  [1m[32mINSERT INTO "powers" ("name", "description", "created_at", "updated_at") VALUES (?, ?, ?, ?)[0m  [["name", "Invisibility"], ["description", "The ability to become invisible to the naked eye."], ["created_at", "2023-03-30 15:17:22.707978"], ["updated_at", "2023-03-30 15:17:22.707978"]]
  [1m[36mTRANSACTION (4.1ms)[0m  [1m[36mcommit transaction[0m
  [1m[36mTRANSACTION (0.1ms)[0m  [1m[36mbegin transaction[0m
  [1m[36mHero Create (0.3ms)[0m  [1m[32mINSERT INTO "heros" ("name", "super_name", "created_at", "updated_at") VALUES (?, ?, ?, ?)[0m  [["name", "Hulk"], ["super_name", "The Incredible Hulk"], ["created_at", "2023-03-30 15:17:22.730143"], ["updated_at", "2023-03-30 15:17:22.730143"]]
  [1m[36mTRANSACTION (4.4ms)[0m  [1m[36mcommit transaction[0m
  [1m[36mTRANSACTION (0.1ms)[0m  [1m[36mbegin transaction[0m
  [1m[36mHero Create (0.3ms)[0m  [1m[32mINSERT INTO "heros" ("name", "super_name", "created_at", "updated_at") VALUES (?, ?, ?, ?)[0m  [["name", "Thor"], ["super_name", "The God of Thunder"], ["created_at", "2023-03-30 15:17:22.739735"], ["updated_at", "2023-03-30 15:17:22.739735"]]
  [1m[36mTRANSACTION (4.0ms)[0m  [1m[36mcommit transaction[0m
  [1m[36mTRANSACTION (0.1ms)[0m  [1m[36mbegin transaction[0m
  [1m[36mHero Create (0.3ms)[0m  [1m[32mINSERT INTO "heros" ("name", "super_name", "created_at", "updated_at") VALUES (?, ?, ?, ?)[0m  [["name", "Iron Man"], ["super_name", "The Armored Avenger"], ["created_at", "2023-03-30 15:17:22.749019"], ["updated_at", "2023-03-30 15:17:22.749019"]]
  [1m[36mTRANSACTION (3.6ms)[0m  [1m[36mcommit transaction[0m
  [1m[36mTRANSACTION (0.0ms)[0m  [1m[36mbegin transaction[0m
  [1m[36mHero Create (0.3ms)[0m  [1m[32mINSERT INTO "heros" ("name", "super_name", "created_at", "updated_at") VALUES (?, ?, ?, ?)[0m  [["name", "Captain America"], ["super_name", "The First Avenger"], ["created_at", "2023-03-30 15:17:22.756881"], ["updated_at", "2023-03-30 15:17:22.756881"]]
  [1m[36mTRANSACTION (4.0ms)[0m  [1m[36mcommit transaction[0m
  [1m[36mTRANSACTION (0.1ms)[0m  [1m[36mbegin transaction[0m
  [1m[36mHero Create (0.4ms)[0m  [1m[32mINSERT INTO "heros" ("name", "super_name", "created_at", "updated_at") VALUES (?, ?, ?, ?)[0m  [["name", "Black Widow"], ["super_name", "The Russian Spy"], ["created_at", "2023-03-30 15:17:22.764641"], ["updated_at", "2023-03-30 15:17:22.764641"]]
  [1m[36mTRANSACTION (3.9ms)[0m  [1m[36mcommit transaction[0m
  [1m[36mActiveRecord::SchemaMigration Pluck (0.2ms)[0m  [1m[34mSELECT "schema_migrations"."version" FROM "schema_migrations" ORDER BY "schema_migrations"."version" ASC[0m
  [1m[36mActiveRecord::SchemaMigration Pluck (0.2ms)[0m  [1m[34mSELECT "schema_migrations"."version" FROM "schema_migrations" ORDER BY "schema_migrations"."version" ASC[0m
Migrating to CreateHeroPowers (20230330152208)
  [1m[36mTRANSACTION (0.1ms)[0m  [1m[36mbegin transaction[0m
  [1m[35m (0.4ms)[0m  [1m[35mCREATE TABLE "hero_powers" ("id" integer PRIMARY KEY AUTOINCREMENT NOT NULL, "strength" varchar, "hero_id" integer NOT NULL, "power_id" integer NOT NULL, "created_at" datetime(6) NOT NULL, "updated_at" datetime(6) NOT NULL, CONSTRAINT "fk_rails_a064e6fddd"
FOREIGN KEY ("hero_id")
  REFERENCES "heros" ("id")
, CONSTRAINT "fk_rails_1e7d81986f"
FOREIGN KEY ("power_id")
  REFERENCES "powers" ("id")
)[0m
  [1m[36mTRANSACTION (0.1ms)[0m  [1m[31mrollback transaction[0m
  [1m[36mActiveRecord::SchemaMigration Pluck (0.1ms)[0m  [1m[34mSELECT "schema_migrations"."version" FROM "schema_migrations" ORDER BY "schema_migrations"."version" ASC[0m
  [1m[36mActiveRecord::SchemaMigration Pluck (0.1ms)[0m  [1m[34mSELECT "schema_migrations"."version" FROM "schema_migrations" ORDER BY "schema_migrations"."version" ASC[0m
  [1m[36mActiveRecord::InternalMetadata Pluck (0.1ms)[0m  [1m[34mSELECT "ar_internal_metadata"."value" FROM "ar_internal_metadata" WHERE "ar_internal_metadata"."key" = ? LIMIT ?[0m  [["key", "environment"], ["LIMIT", 1]]
  [1m[36mActiveRecord::SchemaMigration Pluck (0.1ms)[0m  [1m[34mSELECT "schema_migrations"."version" FROM "schema_migrations" ORDER BY "schema_migrations"."version" ASC[0m
  [1m[36mActiveRecord::InternalMetadata Pluck (0.1ms)[0m  [1m[34mSELECT "ar_internal_metadata"."value" FROM "ar_internal_metadata" WHERE "ar_internal_metadata"."key" = ? LIMIT ?[0m  [["key", "environment"], ["LIMIT", 1]]
  [1m[36mActiveRecord::SchemaMigration Pluck (0.1ms)[0m  [1m[34mSELECT "schema_migrations"."version" FROM "schema_migrations" ORDER BY "schema_migrations"."version" ASC[0m
  [1m[36mActiveRecord::InternalMetadata Pluck (0.1ms)[0m  [1m[34mSELECT "ar_internal_metadata"."value" FROM "ar_internal_metadata" WHERE "ar_internal_metadata"."key" = ? LIMIT ?[0m  [["key", "environment"], ["LIMIT", 1]]
  [1m[35m (0.1ms)[0m  [1m[35mDROP TABLE IF EXISTS "hero_powers"[0m
  [1m[35m (6.4ms)[0m  [1m[35mCREATE TABLE "hero_powers" ("id" integer PRIMARY KEY AUTOINCREMENT NOT NULL, "hero_id" integer NOT NULL, "power_id" integer NOT NULL, "created_at" datetime(6) NOT NULL, "updated_at" datetime(6) NOT NULL)[0m
  [1m[35m (4.8ms)[0m  [1m[35mCREATE INDEX "index_hero_powers_on_hero_id" ON "hero_powers" ("hero_id")[0m
  [1m[35m (4.6ms)[0m  [1m[35mCREATE INDEX "index_hero_powers_on_power_id" ON "hero_powers" ("power_id")[0m
  [1m[35m (0.1ms)[0m  [1m[35mDROP TABLE IF EXISTS "heros"[0m
  [1m[35m (5.7ms)[0m  [1m[35mCREATE TABLE "heros" ("id" integer PRIMARY KEY AUTOINCREMENT NOT NULL, "name" varchar, "super_name" varchar, "created_at" datetime(6) NOT NULL, "updated_at" datetime(6) NOT NULL)[0m
  [1m[35m (0.2ms)[0m  [1m[35mDROP TABLE IF EXISTS "powers"[0m
  [1m[35m (8.0ms)[0m  [1m[35mCREATE TABLE "powers" ("id" integer PRIMARY KEY AUTOINCREMENT NOT NULL, "name" varchar, "description" varchar, "created_at" datetime(6) NOT NULL, "updated_at" datetime(6) NOT NULL)[0m
  [1m[36mTRANSACTION (0.1ms)[0m  [1m[36mbegin transaction[0m
  [1m[35m (0.1ms)[0m  [1m[35mPRAGMA foreign_keys[0m
  [1m[35m (0.1ms)[0m  [1m[35mPRAGMA defer_foreign_keys[0m
  [1m[35m (0.1ms)[0m  [1m[35mPRAGMA defer_foreign_keys = ON[0m
  [1m[35m (0.1ms)[0m  [1m[35mPRAGMA foreign_keys = OFF[0m
  [1m[35m (0.2ms)[0m  [1m[35mCREATE TEMPORARY TABLE "ahero_powers" ("id" integer NOT NULL PRIMARY KEY, "hero_id" integer NOT NULL, "power_id" integer NOT NULL, "created_at" datetime(6) NOT NULL, "updated_at" datetime(6) NOT NULL)[0m
  [1m[35m (0.2ms)[0m  [1m[35mCREATE INDEX "tindex_ahero_powers_on_power_id" ON "ahero_powers" ("power_id")[0m
  [1m[35m (0.2ms)[0m  [1m[35mCREATE INDEX "tindex_ahero_powers_on_hero_id" ON "ahero_powers" ("hero_id")[0m
  [1m[35m (0.1ms)[0m  [1m[32mINSERT INTO "ahero_powers" ("id","hero_id","power_id","created_at","updated_at")
                     SELECT "id","hero_id","power_id","created_at","updated_at" FROM "hero_powers"[0m
  [1m[35m (0.7ms)[0m  [1m[35mDROP TABLE "hero_powers"[0m
  [1m[35m (0.3ms)[0m  [1m[35mCREATE TABLE "hero_powers" ("id" integer NOT NULL PRIMARY KEY, "hero_id" integer NOT NULL, "power_id" integer NOT NULL, "created_at" datetime(6) NOT NULL, "updated_at" datetime(6) NOT NULL, CONSTRAINT "fk_rails_a064e6fddd"
FOREIGN KEY ("hero_id")
  REFERENCES "heros" ("id")
)[0m
  [1m[35m (0.2ms)[0m  [1m[35mCREATE INDEX "index_hero_powers_on_hero_id" ON "hero_powers" ("hero_id")[0m
  [1m[35m (0.2ms)[0m  [1m[35mCREATE INDEX "index_hero_powers_on_power_id" ON "hero_powers" ("power_id")[0m
  [1m[35m (0.1ms)[0m  [1m[32mINSERT INTO "hero_powers" ("id","hero_id","power_id","created_at","updated_at")
                     SELECT "id","hero_id","power_id","created_at","updated_at" FROM "ahero_powers"[0m
  [1m[35m (0.3ms)[0m  [1m[35mDROP TABLE "ahero_powers"[0m
  [1m[35m (0.1ms)[0m  [1m[35mPRAGMA defer_foreign_keys = 0[0m
  [1m[35m (0.1ms)[0m  [1m[35mPRAGMA foreign_keys = 1[0m
  [1m[36mTRANSACTION (19.2ms)[0m  [1m[36mcommit transaction[0m
  [1m[36mTRANSACTION (0.1ms)[0m  [1m[36mbegin transaction[0m
  [1m[35m (0.2ms)[0m  [1m[35mPRAGMA foreign_keys[0m
  [1m[35m (0.1ms)[0m  [1m[35mPRAGMA defer_foreign_keys[0m
  [1m[35m (0.0ms)[0m  [1m[35mPRAGMA defer_foreign_keys = ON[0m
  [1m[35m (0.0ms)[0m  [1m[35mPRAGMA foreign_keys = OFF[0m
  [1m[35m (0.2ms)[0m  [1m[35mCREATE TEMPORARY TABLE "ahero_powers" ("id" integer NOT NULL PRIMARY KEY, "hero_id" integer NOT NULL, "power_id" integer NOT NULL, "created_at" datetime(6) NOT NULL, "updated_at" datetime(6) NOT NULL)[0m
  [1m[35m (0.2ms)[0m  [1m[35mCREATE INDEX "tindex_ahero_powers_on_power_id" ON "ahero_powers" ("power_id")[0m
  [1m[35m (0.2ms)[0m  [1m[35mCREATE INDEX "tindex_ahero_powers_on_hero_id" ON "ahero_powers" ("hero_id")[0m
  [1m[35m (0.1ms)[0m  [1m[32mINSERT INTO "ahero_powers" ("id","hero_id","power_id","created_at","updated_at")
                     SELECT "id","hero_id","power_id","created_at","updated_at" FROM "hero_powers"[0m
  [1m[35m (0.8ms)[0m  [1m[35mDROP TABLE "hero_powers"[0m
  [1m[35m (0.2ms)[0m  [1m[35mCREATE TABLE "hero_powers" ("id" integer NOT NULL PRIMARY KEY, "hero_id" integer NOT NULL, "power_id" integer NOT NULL, "created_at" datetime(6) NOT NULL, "updated_at" datetime(6) NOT NULL, CONSTRAINT "fk_rails_a064e6fddd"
FOREIGN KEY ("hero_id")
  REFERENCES "heros" ("id")
, CONSTRAINT "fk_rails_1e7d81986f"
FOREIGN KEY ("power_id")
  REFERENCES "powers" ("id")
)[0m
  [1m[35m (0.2ms)[0m  [1m[35mCREATE INDEX "index_hero_powers_on_hero_id" ON "hero_powers" ("hero_id")[0m
  [1m[35m (0.2ms)[0m  [1m[35mCREATE INDEX "index_hero_powers_on_power_id" ON "hero_powers" ("power_id")[0m
  [1m[35m (0.1ms)[0m  [1m[32mINSERT INTO "hero_powers" ("id","hero_id","power_id","created_at","updated_at")
                     SELECT "id","hero_id","power_id","created_at","updated_at" FROM "ahero_powers"[0m
  [1m[35m (0.5ms)[0m  [1m[35mDROP TABLE "ahero_powers"[0m
  [1m[35m (0.1ms)[0m  [1m[35mPRAGMA defer_foreign_keys = 0[0m
  [1m[35m (0.1ms)[0m  [1m[35mPRAGMA foreign_keys = 1[0m
  [1m[36mTRANSACTION (7.1ms)[0m  [1m[36mcommit transaction[0m
  [1m[35m (5.8ms)[0m  [1m[35mCREATE TABLE "schema_migrations" ("version" varchar NOT NULL PRIMARY KEY)[0m
  [1m[36mActiveRecord::SchemaMigration Pluck (0.2ms)[0m  [1m[34mSELECT "schema_migrations"."version" FROM "schema_migrations" ORDER BY "schema_migrations"."version" ASC[0m
  [1m[35m (3.7ms)[0m  [1m[32mINSERT INTO "schema_migrations" (version) VALUES (20230330150313)[0m
  [1m[35m (4.2ms)[0m  [1m[32mINSERT INTO "schema_migrations" (version) VALUES
(20230330144858),
(20230330145855);

[0m
  [1m[35m (5.4ms)[0m  [1m[35mCREATE TABLE "ar_internal_metadata" ("key" varchar NOT NULL PRIMARY KEY, "value" varchar, "created_at" datetime(6) NOT NULL, "updated_at" datetime(6) NOT NULL)[0m
  [1m[36mActiveRecord::InternalMetadata Load (0.3ms)[0m  [1m[34mSELECT "ar_internal_metadata".* FROM "ar_internal_metadata" WHERE "ar_internal_metadata"."key" = ? LIMIT ?[0m  [["key", "environment"], ["LIMIT", 1]]
  [1m[36mTRANSACTION (0.2ms)[0m  [1m[36mbegin transaction[0m
  [1m[36mActiveRecord::InternalMetadata Create (0.3ms)[0m  [1m[32mINSERT INTO "ar_internal_metadata" ("key", "value", "created_at", "updated_at") VALUES (?, ?, ?, ?)[0m  [["key", "environment"], ["value", "development"], ["created_at", "2023-03-30 15:23:39.394586"], ["updated_at", "2023-03-30 15:23:39.394586"]]
  [1m[36mTRANSACTION (4.1ms)[0m  [1m[36mcommit transaction[0m
  [1m[36mActiveRecord::InternalMetadata Load (0.1ms)[0m  [1m[34mSELECT "ar_internal_metadata".* FROM "ar_internal_metadata" WHERE "ar_internal_metadata"."key" = ? LIMIT ?[0m  [["key", "environment"], ["LIMIT", 1]]
  [1m[36mActiveRecord::InternalMetadata Load (0.1ms)[0m  [1m[34mSELECT "ar_internal_metadata".* FROM "ar_internal_metadata" WHERE "ar_internal_metadata"."key" = ? LIMIT ?[0m  [["key", "schema_sha1"], ["LIMIT", 1]]
  [1m[36mTRANSACTION (0.0ms)[0m  [1m[36mbegin transaction[0m
  [1m[36mActiveRecord::InternalMetadata Create (0.2ms)[0m  [1m[32mINSERT INTO "ar_internal_metadata" ("key", "value", "created_at", "updated_at") VALUES (?, ?, ?, ?)[0m  [["key", "schema_sha1"], ["value", "b16f53c20645f2f180742d3ba97892acc163e3c2"], ["created_at", "2023-03-30 15:23:39.408001"], ["updated_at", "2023-03-30 15:23:39.408001"]]
  [1m[36mTRANSACTION (3.9ms)[0m  [1m[36mcommit transaction[0m
  [1m[35m (0.1ms)[0m  [1m[35mDROP TABLE IF EXISTS "hero_powers"[0m
  [1m[35m (5.2ms)[0m  [1m[35mCREATE TABLE "hero_powers" ("id" integer PRIMARY KEY AUTOINCREMENT NOT NULL, "hero_id" integer NOT NULL, "power_id" integer NOT NULL, "created_at" datetime(6) NOT NULL, "updated_at" datetime(6) NOT NULL)[0m
  [1m[35m (5.5ms)[0m  [1m[35mCREATE INDEX "index_hero_powers_on_hero_id" ON "hero_powers" ("hero_id")[0m
  [1m[35m (6.4ms)[0m  [1m[35mCREATE INDEX "index_hero_powers_on_power_id" ON "hero_powers" ("power_id")[0m
  [1m[35m (0.3ms)[0m  [1m[35mDROP TABLE IF EXISTS "heros"[0m
  [1m[35m (6.5ms)[0m  [1m[35mCREATE TABLE "heros" ("id" integer PRIMARY KEY AUTOINCREMENT NOT NULL, "name" varchar, "super_name" varchar, "created_at" datetime(6) NOT NULL, "updated_at" datetime(6) NOT NULL)[0m
  [1m[35m (0.2ms)[0m  [1m[35mDROP TABLE IF EXISTS "powers"[0m
  [1m[35m (7.2ms)[0m  [1m[35mCREATE TABLE "powers" ("id" integer PRIMARY KEY AUTOINCREMENT NOT NULL, "name" varchar, "description" varchar, "created_at" datetime(6) NOT NULL, "updated_at" datetime(6) NOT NULL)[0m
  [1m[36mTRANSACTION (0.1ms)[0m  [1m[36mbegin transaction[0m
  [1m[35m (0.2ms)[0m  [1m[35mPRAGMA foreign_keys[0m
  [1m[35m (0.2ms)[0m  [1m[35mPRAGMA defer_foreign_keys[0m
  [1m[35m (0.2ms)[0m  [1m[35mPRAGMA defer_foreign_keys = ON[0m
  [1m[35m (0.2ms)[0m  [1m[35mPRAGMA foreign_keys = OFF[0m
  [1m[35m (0.4ms)[0m  [1m[35mCREATE TEMPORARY TABLE "ahero_powers" ("id" integer NOT NULL PRIMARY KEY, "hero_id" integer NOT NULL, "power_id" integer NOT NULL, "created_at" datetime(6) NOT NULL, "updated_at" datetime(6) NOT NULL)[0m
  [1m[35m (0.3ms)[0m  [1m[35mCREATE INDEX "tindex_ahero_powers_on_power_id" ON "ahero_powers" ("power_id")[0m
  [1m[35m (0.4ms)[0m  [1m[35mCREATE INDEX "tindex_ahero_powers_on_hero_id" ON "ahero_powers" ("hero_id")[0m
  [1m[35m (0.5ms)[0m  [1m[32mINSERT INTO "ahero_powers" ("id","hero_id","power_id","created_at","updated_at")
                     SELECT "id","hero_id","power_id","created_at","updated_at" FROM "hero_powers"[0m
  [1m[35m (1.2ms)[0m  [1m[35mDROP TABLE "hero_powers"[0m
  [1m[35m (0.4ms)[0m  [1m[35mCREATE TABLE "hero_powers" ("id" integer NOT NULL PRIMARY KEY, "hero_id" integer NOT NULL, "power_id" integer NOT NULL, "created_at" datetime(6) NOT NULL, "updated_at" datetime(6) NOT NULL, CONSTRAINT "fk_rails_a064e6fddd"
FOREIGN KEY ("hero_id")
  REFERENCES "heros" ("id")
)[0m
  [1m[35m (0.3ms)[0m  [1m[35mCREATE INDEX "index_hero_powers_on_hero_id" ON "hero_powers" ("hero_id")[0m
  [1m[35m (0.5ms)[0m  [1m[35mCREATE INDEX "index_hero_powers_on_power_id" ON "hero_powers" ("power_id")[0m
  [1m[35m (0.2ms)[0m  [1m[32mINSERT INTO "hero_powers" ("id","hero_id","power_id","created_at","updated_at")
                     SELECT "id","hero_id","power_id","created_at","updated_at" FROM "ahero_powers"[0m
  [1m[35m (0.9ms)[0m  [1m[35mDROP TABLE "ahero_powers"[0m
  [1m[35m (0.4ms)[0m  [1m[35mPRAGMA defer_foreign_keys = 0[0m
  [1m[35m (0.2ms)[0m  [1m[35mPRAGMA foreign_keys = 1[0m
  [1m[36mTRANSACTION (5.4ms)[0m  [1m[36mcommit transaction[0m
  [1m[36mTRANSACTION (0.1ms)[0m  [1m[36mbegin transaction[0m
  [1m[35m (0.2ms)[0m  [1m[35mPRAGMA foreign_keys[0m
  [1m[35m (0.1ms)[0m  [1m[35mPRAGMA defer_foreign_keys[0m
  [1m[35m (0.3ms)[0m  [1m[35mPRAGMA defer_foreign_keys = ON[0m
  [1m[35m (0.1ms)[0m  [1m[35mPRAGMA foreign_keys = OFF[0m
  [1m[35m (0.2ms)[0m  [1m[35mCREATE TEMPORARY TABLE "ahero_powers" ("id" integer NOT NULL PRIMARY KEY, "hero_id" integer NOT NULL, "power_id" integer NOT NULL, "created_at" datetime(6) NOT NULL, "updated_at" datetime(6) NOT NULL)[0m
  [1m[35m (0.2ms)[0m  [1m[35mCREATE INDEX "tindex_ahero_powers_on_power_id" ON "ahero_powers" ("power_id")[0m
  [1m[35m (0.2ms)[0m  [1m[35mCREATE INDEX "tindex_ahero_powers_on_hero_id" ON "ahero_powers" ("hero_id")[0m
  [1m[35m (0.1ms)[0m  [1m[32mINSERT INTO "ahero_powers" ("id","hero_id","power_id","created_at","updated_at")
                     SELECT "id","hero_id","power_id","created_at","updated_at" FROM "hero_powers"[0m
  [1m[35m (0.6ms)[0m  [1m[35mDROP TABLE "hero_powers"[0m
  [1m[35m (0.2ms)[0m  [1m[35mCREATE TABLE "hero_powers" ("id" integer NOT NULL PRIMARY KEY, "hero_id" integer NOT NULL, "power_id" integer NOT NULL, "created_at" datetime(6) NOT NULL, "updated_at" datetime(6) NOT NULL, CONSTRAINT "fk_rails_a064e6fddd"
FOREIGN KEY ("hero_id")
  REFERENCES "heros" ("id")
, CONSTRAINT "fk_rails_1e7d81986f"
FOREIGN KEY ("power_id")
  REFERENCES "powers" ("id")
)[0m
  [1m[35m (0.1ms)[0m  [1m[35mCREATE INDEX "index_hero_powers_on_hero_id" ON "hero_powers" ("hero_id")[0m
  [1m[35m (0.2ms)[0m  [1m[35mCREATE INDEX "index_hero_powers_on_power_id" ON "hero_powers" ("power_id")[0m
  [1m[35m (0.1ms)[0m  [1m[32mINSERT INTO "hero_powers" ("id","hero_id","power_id","created_at","updated_at")
                     SELECT "id","hero_id","power_id","created_at","updated_at" FROM "ahero_powers"[0m
  [1m[35m (0.4ms)[0m  [1m[35mDROP TABLE "ahero_powers"[0m
  [1m[35m (0.1ms)[0m  [1m[35mPRAGMA defer_foreign_keys = 0[0m
  [1m[35m (0.0ms)[0m  [1m[35mPRAGMA foreign_keys = 1[0m
  [1m[36mTRANSACTION (3.7ms)[0m  [1m[36mcommit transaction[0m
  [1m[35m (5.0ms)[0m  [1m[35mCREATE TABLE "schema_migrations" ("version" varchar NOT NULL PRIMARY KEY)[0m
  [1m[36mActiveRecord::SchemaMigration Pluck (0.1ms)[0m  [1m[34mSELECT "schema_migrations"."version" FROM "schema_migrations" ORDER BY "schema_migrations"."version" ASC[0m
  [1m[35m (4.0ms)[0m  [1m[32mINSERT INTO "schema_migrations" (version) VALUES (20230330150313)[0m
  [1m[35m (4.1ms)[0m  [1m[32mINSERT INTO "schema_migrations" (version) VALUES
(20230330144858),
(20230330145855);

[0m
  [1m[35m (4.9ms)[0m  [1m[35mCREATE TABLE "ar_internal_metadata" ("key" varchar NOT NULL PRIMARY KEY, "value" varchar, "created_at" datetime(6) NOT NULL, "updated_at" datetime(6) NOT NULL)[0m
  [1m[36mActiveRecord::InternalMetadata Load (0.2ms)[0m  [1m[34mSELECT "ar_internal_metadata".* FROM "ar_internal_metadata" WHERE "ar_internal_metadata"."key" = ? LIMIT ?[0m  [["key", "environment"], ["LIMIT", 1]]
  [1m[36mTRANSACTION (0.0ms)[0m  [1m[36mbegin transaction[0m
  [1m[36mActiveRecord::InternalMetadata Create (0.2ms)[0m  [1m[32mINSERT INTO "ar_internal_metadata" ("key", "value", "created_at", "updated_at") VALUES (?, ?, ?, ?)[0m  [["key", "environment"], ["value", "development"], ["created_at", "2023-03-30 15:23:39.593631"], ["updated_at", "2023-03-30 15:23:39.593631"]]
  [1m[36mTRANSACTION (4.2ms)[0m  [1m[36mcommit transaction[0m
  [1m[36mActiveRecord::InternalMetadata Load (0.1ms)[0m  [1m[34mSELECT "ar_internal_metadata".* FROM "ar_internal_metadata" WHERE "ar_internal_metadata"."key" = ? LIMIT ?[0m  [["key", "environment"], ["LIMIT", 1]]
  [1m[36mTRANSACTION (0.1ms)[0m  [1m[36mbegin transaction[0m
  [1m[36mActiveRecord::InternalMetadata Update (0.3ms)[0m  [1m[33mUPDATE "ar_internal_metadata" SET "value" = ?, "updated_at" = ? WHERE "ar_internal_metadata"."key" = ?[0m  [["value", "test"], ["updated_at", "2023-03-30 15:23:39.603811"], ["key", "environment"]]
  [1m[36mTRANSACTION (3.7ms)[0m  [1m[36mcommit transaction[0m
  [1m[36mActiveRecord::InternalMetadata Load (0.1ms)[0m  [1m[34mSELECT "ar_internal_metadata".* FROM "ar_internal_metadata" WHERE "ar_internal_metadata"."key" = ? LIMIT ?[0m  [["key", "schema_sha1"], ["LIMIT", 1]]
  [1m[36mTRANSACTION (0.1ms)[0m  [1m[36mbegin transaction[0m
  [1m[36mActiveRecord::InternalMetadata Create (0.2ms)[0m  [1m[32mINSERT INTO "ar_internal_metadata" ("key", "value", "created_at", "updated_at") VALUES (?, ?, ?, ?)[0m  [["key", "schema_sha1"], ["value", "b16f53c20645f2f180742d3ba97892acc163e3c2"], ["created_at", "2023-03-30 15:23:39.624542"], ["updated_at", "2023-03-30 15:23:39.624542"]]
  [1m[36mTRANSACTION (3.5ms)[0m  [1m[36mcommit transaction[0m
  [1m[36mActiveRecord::SchemaMigration Pluck (0.1ms)[0m  [1m[34mSELECT "schema_migrations"."version" FROM "schema_migrations" ORDER BY "schema_migrations"."version" ASC[0m
  [1m[36mActiveRecord::SchemaMigration Pluck (0.1ms)[0m  [1m[34mSELECT "schema_migrations"."version" FROM "schema_migrations" ORDER BY "schema_migrations"."version" ASC[0m
Migrating to CreateHeroPowers (20230330152208)
  [1m[36mTRANSACTION (0.1ms)[0m  [1m[36mbegin transaction[0m
  [1m[35m (0.4ms)[0m  [1m[35mCREATE TABLE "hero_powers" ("id" integer PRIMARY KEY AUTOINCREMENT NOT NULL, "strength" varchar, "hero_id" integer NOT NULL, "power_id" integer NOT NULL, "created_at" datetime(6) NOT NULL, "updated_at" datetime(6) NOT NULL, CONSTRAINT "fk_rails_a064e6fddd"
FOREIGN KEY ("hero_id")
  REFERENCES "heros" ("id")
, CONSTRAINT "fk_rails_1e7d81986f"
FOREIGN KEY ("power_id")
  REFERENCES "powers" ("id")
)[0m
  [1m[36mTRANSACTION (0.1ms)[0m  [1m[31mrollback transaction[0m
  [1m[35m (11.7ms)[0m  [1m[35mCREATE TABLE "schema_migrations" ("version" varchar NOT NULL PRIMARY KEY)[0m
  [1m[35m (5.1ms)[0m  [1m[35mCREATE TABLE "ar_internal_metadata" ("key" varchar NOT NULL PRIMARY KEY, "value" varchar, "created_at" datetime(6) NOT NULL, "updated_at" datetime(6) NOT NULL)[0m
  [1m[36mActiveRecord::SchemaMigration Pluck (0.1ms)[0m  [1m[34mSELECT "schema_migrations"."version" FROM "schema_migrations" ORDER BY "schema_migrations"."version" ASC[0m
Migrating to CreateHeros (20230330144858)
  [1m[36mTRANSACTION (0.1ms)[0m  [1m[36mbegin transaction[0m
  [1m[35m (0.4ms)[0m  [1m[35mCREATE TABLE "heros" ("id" integer PRIMARY KEY AUTOINCREMENT NOT NULL, "name" varchar, "super_name" varchar, "created_at" datetime(6) NOT NULL, "updated_at" datetime(6) NOT NULL)[0m
  [1m[36mActiveRecord::SchemaMigration Create (0.3ms)[0m  [1m[32mINSERT INTO "schema_migrations" ("version") VALUES (?)[0m  [["version", "20230330144858"]]
  [1m[36mTRANSACTION (5.7ms)[0m  [1m[36mcommit transaction[0m
Migrating to CreatePowers (20230330145855)
  [1m[36mTRANSACTION (0.1ms)[0m  [1m[36mbegin transaction[0m
  [1m[35m (0.4ms)[0m  [1m[35mCREATE TABLE "powers" ("id" integer PRIMARY KEY AUTOINCREMENT NOT NULL, "name" varchar, "description" varchar, "created_at" datetime(6) NOT NULL, "updated_at" datetime(6) NOT NULL)[0m
  [1m[36mActiveRecord::SchemaMigration Create (0.3ms)[0m  [1m[32mINSERT INTO "schema_migrations" ("version") VALUES (?)[0m  [["version", "20230330145855"]]
  [1m[36mTRANSACTION (5.7ms)[0m  [1m[36mcommit transaction[0m
Migrating to CreateHeroPowers (20230330152208)
  [1m[36mTRANSACTION (0.1ms)[0m  [1m[36mbegin transaction[0m
  [1m[35m (0.9ms)[0m  [1m[35mCREATE TABLE "hero_powers" ("id" integer PRIMARY KEY AUTOINCREMENT NOT NULL, "strength" varchar, "hero_id" integer NOT NULL, "power_id" integer NOT NULL, "created_at" datetime(6) NOT NULL, "updated_at" datetime(6) NOT NULL, CONSTRAINT "fk_rails_a064e6fddd"
FOREIGN KEY ("hero_id")
  REFERENCES "heros" ("id")
, CONSTRAINT "fk_rails_1e7d81986f"
FOREIGN KEY ("power_id")
  REFERENCES "powers" ("id")
)[0m
  [1m[35m (0.4ms)[0m  [1m[35mCREATE INDEX "index_hero_powers_on_hero_id" ON "hero_powers" ("hero_id")[0m
  [1m[35m (0.2ms)[0m  [1m[35mCREATE INDEX "index_hero_powers_on_power_id" ON "hero_powers" ("power_id")[0m
  [1m[36mActiveRecord::SchemaMigration Create (0.6ms)[0m  [1m[32mINSERT INTO "schema_migrations" ("version") VALUES (?)[0m  [["version", "20230330152208"]]
  [1m[36mTRANSACTION (6.4ms)[0m  [1m[36mcommit transaction[0m
  [1m[36mActiveRecord::InternalMetadata Load (0.3ms)[0m  [1m[34mSELECT "ar_internal_metadata".* FROM "ar_internal_metadata" WHERE "ar_internal_metadata"."key" = ? LIMIT ?[0m  [["key", "environment"], ["LIMIT", 1]]
  [1m[36mTRANSACTION (0.1ms)[0m  [1m[36mbegin transaction[0m
  [1m[36mActiveRecord::InternalMetadata Create (0.6ms)[0m  [1m[32mINSERT INTO "ar_internal_metadata" ("key", "value", "created_at", "updated_at") VALUES (?, ?, ?, ?)[0m  [["key", "environment"], ["value", "development"], ["created_at", "2023-03-30 15:25:41.374547"], ["updated_at", "2023-03-30 15:25:41.374547"]]
  [1m[36mTRANSACTION (4.5ms)[0m  [1m[36mcommit transaction[0m
  [1m[36mActiveRecord::SchemaMigration Pluck (0.2ms)[0m  [1m[34mSELECT "schema_migrations"."version" FROM "schema_migrations" ORDER BY "schema_migrations"."version" ASC[0m
  [1m[36mActiveRecord::SchemaMigration Pluck (0.2ms)[0m  [1m[34mSELECT "schema_migrations"."version" FROM "schema_migrations" ORDER BY "schema_migrations"."version" ASC[0m
  [1m[36mTRANSACTION (0.1ms)[0m  [1m[36mbegin transaction[0m
  [1m[36mPower Create (0.3ms)[0m  [1m[32mINSERT INTO "powers" ("name", "description", "created_at", "updated_at") VALUES (?, ?, ?, ?)[0m  [["name", "Super Strength"], ["description", "The ability to lift and move objects beyond human capability."], ["created_at", "2023-03-30 15:25:53.013720"], ["updated_at", "2023-03-30 15:25:53.013720"]]
  [1m[36mTRANSACTION (10.7ms)[0m  [1m[36mcommit transaction[0m
  [1m[36mTRANSACTION (0.1ms)[0m  [1m[36mbegin transaction[0m
  [1m[36mPower Create (0.6ms)[0m  [1m[32mINSERT INTO "powers" ("name", "description", "created_at", "updated_at") VALUES (?, ?, ?, ?)[0m  [["name", "Flight"], ["description", "The power to propel oneself through the air."], ["created_at", "2023-03-30 15:25:53.030499"], ["updated_at", "2023-03-30 15:25:53.030499"]]
  [1m[36mTRANSACTION (4.0ms)[0m  [1m[36mcommit transaction[0m
  [1m[36mTRANSACTION (0.1ms)[0m  [1m[36mbegin transaction[0m
  [1m[36mPower Create (0.2ms)[0m  [1m[32mINSERT INTO "powers" ("name", "description", "created_at", "updated_at") VALUES (?, ?, ?, ?)[0m  [["name", "Energy Blasts"], ["description", "The ability to generate and emit powerful energy blasts."], ["created_at", "2023-03-30 15:25:53.039416"], ["updated_at", "2023-03-30 15:25:53.039416"]]
  [1m[36mTRANSACTION (4.0ms)[0m  [1m[36mcommit transaction[0m
  [1m[36mTRANSACTION (0.1ms)[0m  [1m[36mbegin transaction[0m
  [1m[36mPower Create (0.2ms)[0m  [1m[32mINSERT INTO "powers" ("name", "description", "created_at", "updated_at") VALUES (?, ?, ?, ?)[0m  [["name", "Telekinesis"], ["description", "The power to move objects with the mind."], ["created_at", "2023-03-30 15:25:53.046604"], ["updated_at", "2023-03-30 15:25:53.046604"]]
  [1m[36mTRANSACTION (3.9ms)[0m  [1m[36mcommit transaction[0m
  [1m[36mTRANSACTION (0.0ms)[0m  [1m[36mbegin transaction[0m
  [1m[36mPower Create (0.2ms)[0m  [1m[32mINSERT INTO "powers" ("name", "description", "created_at", "updated_at") VALUES (?, ?, ?, ?)[0m  [["name", "Invisibility"], ["description", "The ability to become invisible to the naked eye."], ["created_at", "2023-03-30 15:25:53.053609"], ["updated_at", "2023-03-30 15:25:53.053609"]]
  [1m[36mTRANSACTION (4.0ms)[0m  [1m[36mcommit transaction[0m
  [1m[36mTRANSACTION (0.1ms)[0m  [1m[36mbegin transaction[0m
  [1m[36mHero Create (0.4ms)[0m  [1m[32mINSERT INTO "heros" ("name", "super_name", "created_at", "updated_at") VALUES (?, ?, ?, ?)[0m  [["name", "Hulk"], ["super_name", "The Incredible Hulk"], ["created_at", "2023-03-30 15:25:53.091695"], ["updated_at", "2023-03-30 15:25:53.091695"]]
  [1m[36mTRANSACTION (3.8ms)[0m  [1m[36mcommit transaction[0m
  [1m[36mTRANSACTION (0.0ms)[0m  [1m[36mbegin transaction[0m
  [1m[36mHero Create (0.2ms)[0m  [1m[32mINSERT INTO "heros" ("name", "super_name", "created_at", "updated_at") VALUES (?, ?, ?, ?)[0m  [["name", "Thor"], ["super_name", "The God of Thunder"], ["created_at", "2023-03-30 15:25:53.100755"], ["updated_at", "2023-03-30 15:25:53.100755"]]
  [1m[36mTRANSACTION (3.6ms)[0m  [1m[36mcommit transaction[0m
  [1m[36mTRANSACTION (0.0ms)[0m  [1m[36mbegin transaction[0m
  [1m[36mHero Create (0.2ms)[0m  [1m[32mINSERT INTO "heros" ("name", "super_name", "created_at", "updated_at") VALUES (?, ?, ?, ?)[0m  [["name", "Iron Man"], ["super_name", "The Armored Avenger"], ["created_at", "2023-03-30 15:25:53.108342"], ["updated_at", "2023-03-30 15:25:53.108342"]]
  [1m[36mTRANSACTION (4.0ms)[0m  [1m[36mcommit transaction[0m
  [1m[36mTRANSACTION (0.1ms)[0m  [1m[36mbegin transaction[0m
  [1m[36mHero Create (0.4ms)[0m  [1m[32mINSERT INTO "heros" ("name", "super_name", "created_at", "updated_at") VALUES (?, ?, ?, ?)[0m  [["name", "Captain America"], ["super_name", "The First Avenger"], ["created_at", "2023-03-30 15:25:53.118775"], ["updated_at", "2023-03-30 15:25:53.118775"]]
  [1m[36mTRANSACTION (4.0ms)[0m  [1m[36mcommit transaction[0m
  [1m[36mTRANSACTION (0.1ms)[0m  [1m[36mbegin transaction[0m
  [1m[36mHero Create (0.3ms)[0m  [1m[32mINSERT INTO "heros" ("name", "super_name", "created_at", "updated_at") VALUES (?, ?, ?, ?)[0m  [["name", "Black Widow"], ["super_name", "The Russian Spy"], ["created_at", "2023-03-30 15:25:53.129870"], ["updated_at", "2023-03-30 15:25:53.129870"]]
  [1m[36mTRANSACTION (3.9ms)[0m  [1m[36mcommit transaction[0m
  [1m[36mTRANSACTION (0.1ms)[0m  [1m[36mbegin transaction[0m
  [1m[36mHero Load (0.1ms)[0m  [1m[34mSELECT "heros".* FROM "heros" WHERE "heros"."id" = ? LIMIT ?[0m  [["id", 1], ["LIMIT", 1]]
  [1m[36mPower Load (0.1ms)[0m  [1m[34mSELECT "powers".* FROM "powers" WHERE "powers"."id" = ? LIMIT ?[0m  [["id", 1], ["LIMIT", 1]]
  [1m[36mHeroPower Create (0.4ms)[0m  [1m[32mINSERT INTO "hero_powers" ("strength", "hero_id", "power_id", "created_at", "updated_at") VALUES (?, ?, ?, ?, ?)[0m  [["strength", "Weak"], ["hero_id", 1], ["power_id", 1], ["created_at", "2023-03-30 15:25:53.170476"], ["updated_at", "2023-03-30 15:25:53.170476"]]
  [1m[36mTRANSACTION (4.8ms)[0m  [1m[36mcommit transaction[0m
  [1m[36mTRANSACTION (0.0ms)[0m  [1m[36mbegin transaction[0m
  [1m[36mHero Load (0.1ms)[0m  [1m[34mSELECT "heros".* FROM "heros" WHERE "heros"."id" = ? LIMIT ?[0m  [["id", 5], ["LIMIT", 1]]
  [1m[36mPower Load (0.0ms)[0m  [1m[34mSELECT "powers".* FROM "powers" WHERE "powers"."id" = ? LIMIT ?[0m  [["id", 1], ["LIMIT", 1]]
  [1m[36mHeroPower Create (0.2ms)[0m  [1m[32mINSERT INTO "hero_powers" ("strength", "hero_id", "power_id", "created_at", "updated_at") VALUES (?, ?, ?, ?, ?)[0m  [["strength", "Weak"], ["hero_id", 5], ["power_id", 1], ["created_at", "2023-03-30 15:25:53.181825"], ["updated_at", "2023-03-30 15:25:53.181825"]]
  [1m[36mTRANSACTION (3.7ms)[0m  [1m[36mcommit transaction[0m
  [1m[36mTRANSACTION (0.1ms)[0m  [1m[36mbegin transaction[0m
  [1m[36mHero Load (0.1ms)[0m  [1m[34mSELECT "heros".* FROM "heros" WHERE "heros"."id" = ? LIMIT ?[0m  [["id", 1], ["LIMIT", 1]]
  [1m[36mPower Load (0.1ms)[0m  [1m[34mSELECT "powers".* FROM "powers" WHERE "powers"."id" = ? LIMIT ?[0m  [["id", 2], ["LIMIT", 1]]
  [1m[36mHeroPower Create (0.3ms)[0m  [1m[32mINSERT INTO "hero_powers" ("strength", "hero_id", "power_id", "created_at", "updated_at") VALUES (?, ?, ?, ?, ?)[0m  [["strength", "Strong"], ["hero_id", 1], ["power_id", 2], ["created_at", "2023-03-30 15:25:53.192642"], ["updated_at", "2023-03-30 15:25:53.192642"]]
  [1m[36mTRANSACTION (4.0ms)[0m  [1m[36mcommit transaction[0m
  [1m[36mTRANSACTION (0.1ms)[0m  [1m[36mbegin transaction[0m
  [1m[36mHero Load (0.1ms)[0m  [1m[34mSELECT "heros".* FROM "heros" WHERE "heros"."id" = ? LIMIT ?[0m  [["id", 1], ["LIMIT", 1]]
  [1m[36mPower Load (0.1ms)[0m  [1m[34mSELECT "powers".* FROM "powers" WHERE "powers"."id" = ? LIMIT ?[0m  [["id", 3], ["LIMIT", 1]]
  [1m[36mHeroPower Create (0.3ms)[0m  [1m[32mINSERT INTO "hero_powers" ("strength", "hero_id", "power_id", "created_at", "updated_at") VALUES (?, ?, ?, ?, ?)[0m  [["strength", "Average"], ["hero_id", 1], ["power_id", 3], ["created_at", "2023-03-30 15:25:53.202981"], ["updated_at", "2023-03-30 15:25:53.202981"]]
  [1m[36mTRANSACTION (3.8ms)[0m  [1m[36mcommit transaction[0m
  [1m[36mTRANSACTION (0.1ms)[0m  [1m[36mbegin transaction[0m
  [1m[36mHero Load (0.1ms)[0m  [1m[34mSELECT "heros".* FROM "heros" WHERE "heros"."id" = ? LIMIT ?[0m  [["id", 4], ["LIMIT", 1]]
  [1m[36mPower Load (0.1ms)[0m  [1m[34mSELECT "powers".* FROM "powers" WHERE "powers"."id" = ? LIMIT ?[0m  [["id", 5], ["LIMIT", 1]]
  [1m[36mHeroPower Create (0.3ms)[0m  [1m[32mINSERT INTO "hero_powers" ("strength", "hero_id", "power_id", "created_at", "updated_at") VALUES (?, ?, ?, ?, ?)[0m  [["strength", "Strong"], ["hero_id", 4], ["power_id", 5], ["created_at", "2023-03-30 15:25:53.227309"], ["updated_at", "2023-03-30 15:25:53.227309"]]
  [1m[36mTRANSACTION (4.0ms)[0m  [1m[36mcommit transaction[0m
  [1m[36mTRANSACTION (0.0ms)[0m  [1m[36mbegin transaction[0m
  [1m[36mHero Load (0.1ms)[0m  [1m[34mSELECT "heros".* FROM "heros" WHERE "heros"."id" = ? LIMIT ?[0m  [["id", 2], ["LIMIT", 1]]
  [1m[36mPower Load (0.1ms)[0m  [1m[34mSELECT "powers".* FROM "powers" WHERE "powers"."id" = ? LIMIT ?[0m  [["id", 4], ["LIMIT", 1]]
  [1m[36mHeroPower Create (0.3ms)[0m  [1m[32mINSERT INTO "hero_powers" ("strength", "hero_id", "power_id", "created_at", "updated_at") VALUES (?, ?, ?, ?, ?)[0m  [["strength", "Average"], ["hero_id", 2], ["power_id", 4], ["created_at", "2023-03-30 15:25:53.237390"], ["updated_at", "2023-03-30 15:25:53.237390"]]
  [1m[36mTRANSACTION (3.9ms)[0m  [1m[36mcommit transaction[0m
  [1m[36mTRANSACTION (0.1ms)[0m  [1m[36mbegin transaction[0m
  [1m[36mHero Load (0.1ms)[0m  [1m[34mSELECT "heros".* FROM "heros" WHERE "heros"."id" = ? LIMIT ?[0m  [["id", 3], ["LIMIT", 1]]
  [1m[36mPower Load (0.1ms)[0m  [1m[34mSELECT "powers".* FROM "powers" WHERE "powers"."id" = ? LIMIT ?[0m  [["id", 2], ["LIMIT", 1]]
  [1m[36mHeroPower Create (0.3ms)[0m  [1m[32mINSERT INTO "hero_powers" ("strength", "hero_id", "power_id", "created_at", "updated_at") VALUES (?, ?, ?, ?, ?)[0m  [["strength", "Average"], ["hero_id", 3], ["power_id", 2], ["created_at", "2023-03-30 15:25:53.249159"], ["updated_at", "2023-03-30 15:25:53.249159"]]
  [1m[36mTRANSACTION (6.2ms)[0m  [1m[36mcommit transaction[0m
  [1m[36mTRANSACTION (0.0ms)[0m  [1m[36mbegin transaction[0m
  [1m[36mHero Load (0.1ms)[0m  [1m[34mSELECT "heros".* FROM "heros" WHERE "heros"."id" = ? LIMIT ?[0m  [["id", 2], ["LIMIT", 1]]
  [1m[36mPower Load (0.2ms)[0m  [1m[34mSELECT "powers".* FROM "powers" WHERE "powers"."id" = ? LIMIT ?[0m  [["id", 5], ["LIMIT", 1]]
  [1m[36mHeroPower Create (0.3ms)[0m  [1m[32mINSERT INTO "hero_powers" ("strength", "hero_id", "power_id", "created_at", "updated_at") VALUES (?, ?, ?, ?, ?)[0m  [["strength", "Average"], ["hero_id", 2], ["power_id", 5], ["created_at", "2023-03-30 15:25:53.261524"], ["updated_at", "2023-03-30 15:25:53.261524"]]
  [1m[36mTRANSACTION (4.2ms)[0m  [1m[36mcommit transaction[0m
Started GET "/heroes" for 127.0.0.1 at 2023-03-30 18:30:01 +0300
  [1m[36mActiveRecord::SchemaMigration Pluck (0.2ms)[0m  [1m[34mSELECT "schema_migrations"."version" FROM "schema_migrations" ORDER BY "schema_migrations"."version" ASC[0m
Processing by HeroesController#index as HTML
  [1m[36mHero Load (0.3ms)[0m  [1m[34mSELECT "heros".* FROM "heros"[0m
  ↳ app/controllers/heroes_controller.rb:4:in `index'
Completed 200 OK in 56ms (Views: 20.8ms | ActiveRecord: 1.2ms | Allocations: 40918)


Started GET "/favicon.ico" for 127.0.0.1 at 2023-03-30 18:30:01 +0300
  
ActionController::RoutingError (No route matches [GET] "/favicon.ico"):
  
Started GET "/id" for 127.0.0.1 at 2023-03-30 18:30:16 +0300
  
ActionController::RoutingError (No route matches [GET] "/id"):
  
Started GET "/heroes" for 127.0.0.1 at 2023-03-30 18:30:33 +0300
Processing by HeroesController#index as HTML
  [1m[36mHero Load (0.3ms)[0m  [1m[34mSELECT "heros".* FROM "heros"[0m
  ↳ app/controllers/heroes_controller.rb:4:in `index'
Completed 200 OK in 11ms (Views: 10.4ms | ActiveRecord: 0.3ms | Allocations: 1326)


Started GET "/heroes/1" for 127.0.0.1 at 2023-03-30 18:30:56 +0300
Processing by HeroesController#show as HTML
  Parameters: {"id"=>"1"}
  [1m[36mHero Load (0.3ms)[0m  [1m[34mSELECT "heros".* FROM "heros" WHERE "heros"."id" = ? LIMIT ?[0m  [["id", 1], ["LIMIT", 1]]
  ↳ app/controllers/heroes_controller.rb:8:in `show'
Completed 500 Internal Server Error in 41ms (ActiveRecord: 0.3ms | Allocations: 4478)


  
NameError (uninitialized constant HeroesController::HeroSerializer):
  
app/controllers/heroes_controller.rb:11:in `show'
Started GET "/heroes/1" for 127.0.0.1 at 2023-03-30 18:45:46 +0300
Processing by HeroesController#show as HTML
  Parameters: {"id"=>"1"}
  [1m[36mHero Load (0.8ms)[0m  [1m[34mSELECT "heros".* FROM "heros" WHERE "heros"."id" = ? LIMIT ?[0m  [["id", 1], ["LIMIT", 1]]
  ↳ app/controllers/heroes_controller.rb:8:in `show'
Completed 500 Internal Server Error in 33ms (ActiveRecord: 2.4ms | Allocations: 2428)


  
NameError (uninitialized constant HeroesController::HeroSerializer):
  
app/controllers/heroes_controller.rb:11:in `show'
Started GET "/heroes/1" for 127.0.0.1 at 2023-03-30 18:45:50 +0300
Processing by HeroesController#show as HTML
  Parameters: {"id"=>"1"}
  [1m[36mHero Load (0.4ms)[0m  [1m[34mSELECT "heros".* FROM "heros" WHERE "heros"."id" = ? LIMIT ?[0m  [["id", 1], ["LIMIT", 1]]
  ↳ app/controllers/heroes_controller.rb:8:in `show'
Completed 500 Internal Server Error in 30ms (ActiveRecord: 0.4ms | Allocations: 2156)


  
NameError (uninitialized constant HeroesController::HeroSerializer):
  
app/controllers/heroes_controller.rb:11:in `show'
Started GET "/heroes/1" for 127.0.0.1 at 2023-03-30 18:45:54 +0300
Processing by HeroesController#show as HTML
  Parameters: {"id"=>"1"}
  [1m[36mHero Load (0.3ms)[0m  [1m[34mSELECT "heros".* FROM "heros" WHERE "heros"."id" = ? LIMIT ?[0m  [["id", 1], ["LIMIT", 1]]
  ↳ app/controllers/heroes_controller.rb:8:in `show'
Completed 500 Internal Server Error in 29ms (ActiveRecord: 0.3ms | Allocations: 2156)


  
NameError (uninitialized constant HeroesController::HeroSerializer):
  
app/controllers/heroes_controller.rb:11:in `show'
Started GET "/heroes/1" for 127.0.0.1 at 2023-03-30 18:46:57 +0300
Processing by HeroesController#show as HTML
  Parameters: {"id"=>"1"}
  [1m[36mHero Load (0.3ms)[0m  [1m[34mSELECT "heros".* FROM "heros" WHERE "heros"."id" = ? LIMIT ?[0m  [["id", 1], ["LIMIT", 1]]
  ↳ app/controllers/heroes_controller.rb:8:in `show'
Completed 500 Internal Server Error in 25ms (ActiveRecord: 0.3ms | Allocations: 2156)


  
NameError (uninitialized constant HeroesController::HeroSerializer):
  
app/controllers/heroes_controller.rb:11:in `show'
Started GET "/heroes/1" for 127.0.0.1 at 2023-03-30 18:46:59 +0300
Processing by HeroesController#show as HTML
  Parameters: {"id"=>"1"}
  [1m[36mHero Load (0.4ms)[0m  [1m[34mSELECT "heros".* FROM "heros" WHERE "heros"."id" = ? LIMIT ?[0m  [["id", 1], ["LIMIT", 1]]
  ↳ app/controllers/heroes_controller.rb:8:in `show'
Completed 500 Internal Server Error in 31ms (ActiveRecord: 0.4ms | Allocations: 2155)


  
NameError (uninitialized constant HeroesController::HeroSerializer):
  
app/controllers/heroes_controller.rb:11:in `show'
Started GET "/heroes/1" for 127.0.0.1 at 2023-03-30 18:47:03 +0300
Processing by HeroesController#show as HTML
  Parameters: {"id"=>"1"}
  [1m[36mHero Load (0.8ms)[0m  [1m[34mSELECT "heros".* FROM "heros" WHERE "heros"."id" = ? LIMIT ?[0m  [["id", 1], ["LIMIT", 1]]
  ↳ app/controllers/heroes_controller.rb:8:in `show'
Completed 500 Internal Server Error in 34ms (ActiveRecord: 0.8ms | Allocations: 2156)


  
NameError (uninitialized constant HeroesController::HeroSerializer):
  
app/controllers/heroes_controller.rb:11:in `show'
Started GET "/" for 127.0.0.1 at 2023-03-30 18:48:17 +0300
  [1m[36mActiveRecord::SchemaMigration Pluck (0.6ms)[0m  [1m[34mSELECT "schema_migrations"."version" FROM "schema_migrations" ORDER BY "schema_migrations"."version" ASC[0m
Processing by Rails::WelcomeController#index as HTML
  Rendering /var/lib/gems/3.0.0/gems/railties-7.0.4.3/lib/rails/templates/rails/welcome/index.html.erb
  Rendered /var/lib/gems/3.0.0/gems/railties-7.0.4.3/lib/rails/templates/rails/welcome/index.html.erb (Duration: 7.3ms | Allocations: 826)
Completed 200 OK in 63ms (Views: 26.4ms | ActiveRecord: 0.0ms | Allocations: 6953)


Started GET "/heroes" for 127.0.0.1 at 2023-03-30 18:48:24 +0300
Processing by HeroesController#index as HTML
  [1m[36mHero Load (0.7ms)[0m  [1m[34mSELECT "heros".* FROM "heros"[0m
  ↳ app/controllers/heroes_controller.rb:4:in `index'
[active_model_serializers]   [1m[36mPower Load (3.3ms)[0m  [1m[34mSELECT "powers".* FROM "powers" INNER JOIN "hero_powers" ON "powers"."id" = "hero_powers"."power_id" WHERE "hero_powers"."hero_id" = ?[0m  [["hero_id", 1]]
[active_model_serializers]   ↳ app/controllers/heroes_controller.rb:4:in `index'
[active_model_serializers] No serializer found for resource: #<Power id: 1, name: "Super Strength", description: "The ability to lift and move objects beyond human ...", created_at: "2023-03-30 15:25:53.013720000 +0000", updated_at: "2023-03-30 15:25:53.013720000 +0000">
[active_model_serializers]   [1m[36mPower Load (0.4ms)[0m  [1m[34mSELECT "powers".* FROM "powers" INNER JOIN "hero_powers" ON "powers"."id" = "hero_powers"."power_id" WHERE "hero_powers"."hero_id" = ?[0m  [["hero_id", 2]]
[active_model_serializers]   ↳ app/controllers/heroes_controller.rb:4:in `index'
[active_model_serializers] No serializer found for resource: #<Power id: 4, name: "Telekinesis", description: "The power to move objects with the mind.", created_at: "2023-03-30 15:25:53.046604000 +0000", updated_at: "2023-03-30 15:25:53.046604000 +0000">
[active_model_serializers]   [1m[36mPower Load (0.4ms)[0m  [1m[34mSELECT "powers".* FROM "powers" INNER JOIN "hero_powers" ON "powers"."id" = "hero_powers"."power_id" WHERE "hero_powers"."hero_id" = ?[0m  [["hero_id", 3]]
[active_model_serializers]   ↳ app/controllers/heroes_controller.rb:4:in `index'
[active_model_serializers] No serializer found for resource: #<Power id: 2, name: "Flight", description: "The power to propel oneself through the air.", created_at: "2023-03-30 15:25:53.030499000 +0000", updated_at: "2023-03-30 15:25:53.030499000 +0000">
[active_model_serializers]   [1m[36mPower Load (0.8ms)[0m  [1m[34mSELECT "powers".* FROM "powers" INNER JOIN "hero_powers" ON "powers"."id" = "hero_powers"."power_id" WHERE "hero_powers"."hero_id" = ?[0m  [["hero_id", 4]]
[active_model_serializers]   ↳ app/controllers/heroes_controller.rb:4:in `index'
[active_model_serializers] No serializer found for resource: #<Power id: 5, name: "Invisibility", description: "The ability to become invisible to the naked eye.", created_at: "2023-03-30 15:25:53.053609000 +0000", updated_at: "2023-03-30 15:25:53.053609000 +0000">
[active_model_serializers]   [1m[36mPower Load (0.3ms)[0m  [1m[34mSELECT "powers".* FROM "powers" INNER JOIN "hero_powers" ON "powers"."id" = "hero_powers"."power_id" WHERE "hero_powers"."hero_id" = ?[0m  [["hero_id", 5]]
[active_model_serializers]   ↳ app/controllers/heroes_controller.rb:4:in `index'
[active_model_serializers] No serializer found for resource: #<Power id: 1, name: "Super Strength", description: "The ability to lift and move objects beyond human ...", created_at: "2023-03-30 15:25:53.013720000 +0000", updated_at: "2023-03-30 15:25:53.013720000 +0000">
[active_model_serializers] No serializer found for resource: #<Power id: 1, name: "Super Strength", description: "The ability to lift and move objects beyond human ...", created_at: "2023-03-30 15:25:53.013720000 +0000", updated_at: "2023-03-30 15:25:53.013720000 +0000">
[active_model_serializers] No serializer found for resource: #<Power id: 4, name: "Telekinesis", description: "The power to move objects with the mind.", created_at: "2023-03-30 15:25:53.046604000 +0000", updated_at: "2023-03-30 15:25:53.046604000 +0000">
[active_model_serializers] No serializer found for resource: #<Power id: 2, name: "Flight", description: "The power to propel oneself through the air.", created_at: "2023-03-30 15:25:53.030499000 +0000", updated_at: "2023-03-30 15:25:53.030499000 +0000">
[active_model_serializers] No serializer found for resource: #<Power id: 5, name: "Invisibility", description: "The ability to become invisible to the naked eye.", created_at: "2023-03-30 15:25:53.053609000 +0000", updated_at: "2023-03-30 15:25:53.053609000 +0000">
[active_model_serializers] No serializer found for resource: #<Power id: 1, name: "Super Strength", description: "The ability to lift and move objects beyond human ...", created_at: "2023-03-30 15:25:53.013720000 +0000", updated_at: "2023-03-30 15:25:53.013720000 +0000">
[active_model_serializers] Rendered ActiveModel::Serializer::CollectionSerializer with ActiveModelSerializers::Adapter::Attributes (419.71ms)
Completed 200 OK in 592ms (Views: 549.6ms | ActiveRecord: 12.0ms | Allocations: 64230)


Started GET "/heroes/1" for 127.0.0.1 at 2023-03-30 18:48:31 +0300
Processing by HeroesController#show as HTML
  Parameters: {"id"=>"1"}
  [1m[36mHero Load (0.6ms)[0m  [1m[34mSELECT "heros".* FROM "heros" WHERE "heros"."id" = ? LIMIT ?[0m  [["id", 1], ["LIMIT", 1]]
  ↳ app/controllers/heroes_controller.rb:8:in `show'
[active_model_serializers]   [1m[36mPower Load (0.6ms)[0m  [1m[34mSELECT "powers".* FROM "powers" INNER JOIN "hero_powers" ON "powers"."id" = "hero_powers"."power_id" WHERE "hero_powers"."hero_id" = ?[0m  [["hero_id", 1]]
[active_model_serializers]   ↳ app/controllers/heroes_controller.rb:11:in `show'
[active_model_serializers] No serializer found for resource: #<Power id: 1, name: "Super Strength", description: "The ability to lift and move objects beyond human ...", created_at: "2023-03-30 15:25:53.013720000 +0000", updated_at: "2023-03-30 15:25:53.013720000 +0000">
[active_model_serializers] Rendered HeroSerializer with ActiveModelSerializers::Adapter::Attributes (21.96ms)
Completed 200 OK in 46ms (Views: 28.0ms | ActiveRecord: 1.2ms | Allocations: 2493)


Started GET "/heroes/2" for 127.0.0.1 at 2023-03-30 18:48:37 +0300
Processing by HeroesController#show as HTML
  Parameters: {"id"=>"2"}
  [1m[36mHero Load (0.5ms)[0m  [1m[34mSELECT "heros".* FROM "heros" WHERE "heros"."id" = ? LIMIT ?[0m  [["id", 2], ["LIMIT", 1]]
  ↳ app/controllers/heroes_controller.rb:8:in `show'
[active_model_serializers]   [1m[36mPower Load (0.5ms)[0m  [1m[34mSELECT "powers".* FROM "powers" INNER JOIN "hero_powers" ON "powers"."id" = "hero_powers"."power_id" WHERE "hero_powers"."hero_id" = ?[0m  [["hero_id", 2]]
[active_model_serializers]   ↳ app/controllers/heroes_controller.rb:11:in `show'
[active_model_serializers] No serializer found for resource: #<Power id: 4, name: "Telekinesis", description: "The power to move objects with the mind.", created_at: "2023-03-30 15:25:53.046604000 +0000", updated_at: "2023-03-30 15:25:53.046604000 +0000">
[active_model_serializers] Rendered HeroSerializer with ActiveModelSerializers::Adapter::Attributes (15.41ms)
Completed 200 OK in 25ms (Views: 17.7ms | ActiveRecord: 1.0ms | Allocations: 2054)


Started GET "/powers" for 127.0.0.1 at 2023-03-30 18:56:32 +0300
Processing by PowersController#index as HTML
  [1m[36mPower Load (0.8ms)[0m  [1m[34mSELECT "powers".* FROM "powers"[0m
  ↳ app/controllers/powers_controller.rb:4:in `index'
[active_model_serializers] Rendered ActiveModel::Serializer::CollectionSerializer with ActiveModelSerializers::Adapter::Attributes (4.07ms)
Completed 200 OK in 52ms (Views: 24.7ms | ActiveRecord: 2.0ms | Allocations: 6363)


Started GET "/powers/1" for 127.0.0.1 at 2023-03-30 18:56:46 +0300
Processing by PowersController#show as HTML
  Parameters: {"id"=>"1"}
  [1m[36mPower Load (0.6ms)[0m  [1m[34mSELECT "powers".* FROM "powers" WHERE "powers"."id" = ? LIMIT ?[0m  [["id", 1], ["LIMIT", 1]]
  ↳ app/controllers/powers_controller.rb:8:in `show'
[active_model_serializers] Rendered PowerSerializer with ActiveModelSerializers::Adapter::Attributes (1.07ms)
Completed 200 OK in 10ms (Views: 3.0ms | ActiveRecord: 0.6ms | Allocations: 923)


Started GET "/powers/2" for 127.0.0.1 at 2023-03-30 18:57:05 +0300
Processing by PowersController#show as HTML
  Parameters: {"id"=>"2"}
  [1m[36mPower Load (0.5ms)[0m  [1m[34mSELECT "powers".* FROM "powers" WHERE "powers"."id" = ? LIMIT ?[0m  [["id", 2], ["LIMIT", 1]]
  ↳ app/controllers/powers_controller.rb:8:in `show'
[active_model_serializers] Rendered PowerSerializer with ActiveModelSerializers::Adapter::Attributes (1.49ms)
Completed 200 OK in 10ms (Views: 3.4ms | ActiveRecord: 0.5ms | Allocations: 694)


Started GET "/HeroPower" for 127.0.0.1 at 2023-03-30 19:07:36 +0300
  
ActionController::RoutingError (No route matches [GET] "/HeroPower"):
  
Started POST "/hero_powers" for 127.0.0.1 at 2023-03-30 19:10:42 +0300
  [1m[36mActiveRecord::SchemaMigration Pluck (0.6ms)[0m  [1m[34mSELECT "schema_migrations"."version" FROM "schema_migrations" ORDER BY "schema_migrations"."version" ASC[0m
Processing by HeroPowersController#create as */*
  Parameters: {"username"=>"sundus", "email"=>"sundus@gmail.com", "password"=>"[FILTERED]", "hero_power"=>{}}
Completed 400 Bad Request in 81ms (ActiveRecord: 1.7ms | Allocations: 20633)


  
ActionController::ParameterMissing (param is missing or the value is empty: hero_power):
  
app/controllers/hero_powers_controller.rb:19:in `hero_power_params'
app/controllers/hero_powers_controller.rb:8:in `create'
Started POST "/hero_powers" for 127.0.0.1 at 2023-03-30 19:10:57 +0300
Processing by HeroPowersController#create as */*
  Parameters: {"username"=>"sundus", "email"=>"sundus@gmail.com", "password"=>"[FILTERED]", "hero_power"=>{}}
Completed 400 Bad Request in 2ms (ActiveRecord: 0.0ms | Allocations: 163)


  
ActionController::ParameterMissing (param is missing or the value is empty: hero_power):
  
app/controllers/hero_powers_controller.rb:19:in `hero_power_params'
app/controllers/hero_powers_controller.rb:8:in `create'
Started GET "/hero_powers" for 127.0.0.1 at 2023-03-30 19:11:14 +0300
Processing by HeroPowersController#index as */*
  Parameters: {"username"=>"sundus", "email"=>"sundus@gmail.com", "password"=>"[FILTERED]", "hero_power"=>{}}
  [1m[36mHeroPower Load (0.7ms)[0m  [1m[34mSELECT "hero_powers".* FROM "hero_powers"[0m
  ↳ app/controllers/hero_powers_controller.rb:4:in `index'
[active_model_serializers] Rendered ActiveModel::Serializer::CollectionSerializer with ActiveModelSerializers::Adapter::Attributes (35.62ms)
Completed 500 Internal Server Error in 286ms (ActiveRecord: 1.8ms | Allocations: 24190)


  
NoMethodError (undefined method `powers' for #<HeroPower id: 1, strength: "Weak", hero_id: 1, power_id: 1, created_at: "2023-03-30 15:25:53.170476000 +0000", updated_at: "2023-03-30 15:25:53.170476000 +0000">
Did you mean?  power):
  
app/controllers/hero_powers_controller.rb:4:in `index'
Started GET "/hero_powers" for 127.0.0.1 at 2023-03-30 19:11:59 +0300
Processing by HeroPowersController#index as HTML
  [1m[36mHeroPower Load (0.7ms)[0m  [1m[34mSELECT "hero_powers".* FROM "hero_powers"[0m
  ↳ app/controllers/hero_powers_controller.rb:4:in `index'
[active_model_serializers] Rendered ActiveModel::Serializer::CollectionSerializer with ActiveModelSerializers::Adapter::Attributes (46.46ms)
Completed 500 Internal Server Error in 59ms (ActiveRecord: 0.7ms | Allocations: 4204)


  
NoMethodError (undefined method `powers' for #<HeroPower id: 1, strength: "Weak", hero_id: 1, power_id: 1, created_at: "2023-03-30 15:25:53.170476000 +0000", updated_at: "2023-03-30 15:25:53.170476000 +0000">
Did you mean?  power):
  
app/controllers/hero_powers_controller.rb:4:in `index'
Started GET "/hero_powers" for 127.0.0.1 at 2023-03-30 19:26:14 +0300
  [1m[36mActiveRecord::SchemaMigration Pluck (0.2ms)[0m  [1m[34mSELECT "schema_migrations"."version" FROM "schema_migrations" ORDER BY "schema_migrations"."version" ASC[0m
Processing by HeroPowersController#index as HTML
  [1m[36mHeroPower Load (0.2ms)[0m  [1m[34mSELECT "hero_powers".* FROM "hero_powers"[0m
  ↳ app/controllers/hero_powers_controller.rb:4:in `index'
[active_model_serializers] Rendered ActiveModel::Serializer::CollectionSerializer with ActiveModelSerializers::Adapter::Attributes (8.66ms)
Completed 500 Internal Server Error in 62ms (ActiveRecord: 0.9ms | Allocations: 47858)


  
NoMethodError (undefined method `powers' for #<HeroPower id: 1, strength: "Weak", hero_id: 1, power_id: 1, created_at: "2023-03-30 15:25:53.170476000 +0000", updated_at: "2023-03-30 15:25:53.170476000 +0000">
Did you mean?  power):
  
app/controllers/hero_powers_controller.rb:4:in `index'
Started GET "/hero_powers" for 127.0.0.1 at 2023-03-30 19:26:18 +0300
Processing by HeroPowersController#index as HTML
  [1m[36mHeroPower Load (0.1ms)[0m  [1m[34mSELECT "hero_powers".* FROM "hero_powers"[0m
  ↳ app/controllers/hero_powers_controller.rb:4:in `index'
[active_model_serializers] Rendered ActiveModel::Serializer::CollectionSerializer with ActiveModelSerializers::Adapter::Attributes (10.4ms)
Completed 500 Internal Server Error in 14ms (ActiveRecord: 0.1ms | Allocations: 4294)


  
NoMethodError (undefined method `powers' for #<HeroPower id: 1, strength: "Weak", hero_id: 1, power_id: 1, created_at: "2023-03-30 15:25:53.170476000 +0000", updated_at: "2023-03-30 15:25:53.170476000 +0000">
Did you mean?  power):
  
app/controllers/hero_powers_controller.rb:4:in `index'
Started GET "/" for 127.0.0.1 at 2023-03-30 19:34:57 +0300
  [1m[36mActiveRecord::SchemaMigration Pluck (0.3ms)[0m  [1m[34mSELECT "schema_migrations"."version" FROM "schema_migrations" ORDER BY "schema_migrations"."version" ASC[0m
Processing by Rails::WelcomeController#index as HTML
  Rendering /var/lib/gems/3.0.0/gems/railties-7.0.4.3/lib/rails/templates/rails/welcome/index.html.erb
  Rendered /var/lib/gems/3.0.0/gems/railties-7.0.4.3/lib/rails/templates/rails/welcome/index.html.erb (Duration: 2.1ms | Allocations: 826)
Completed 200 OK in 15ms (Views: 7.3ms | ActiveRecord: 0.0ms | Allocations: 6544)


Started GET "/powers" for 127.0.0.1 at 2023-03-30 19:35:05 +0300
Processing by PowersController#index as HTML
  [1m[36mPower Load (0.3ms)[0m  [1m[34mSELECT "powers".* FROM "powers"[0m
  ↳ app/controllers/powers_controller.rb:4:in `index'
[active_model_serializers] Rendered ActiveModel::Serializer::CollectionSerializer with ActiveModelSerializers::Adapter::Attributes (1.16ms)
Completed 200 OK in 48ms (Views: 28.9ms | ActiveRecord: 1.2ms | Allocations: 23410)


Started GET "/favicon.ico" for 127.0.0.1 at 2023-03-30 19:35:05 +0300
  
ActionController::RoutingError (No route matches [GET] "/favicon.ico"):
  
Started GET "/hero_powers" for 127.0.0.1 at 2023-03-30 19:35:18 +0300
Processing by HeroPowersController#index as HTML
  [1m[36mHeroPower Load (0.3ms)[0m  [1m[34mSELECT "hero_powers".* FROM "hero_powers"[0m
  ↳ app/controllers/hero_powers_controller.rb:4:in `index'
[active_model_serializers] Rendered ActiveModel::Serializer::CollectionSerializer with ActiveModelSerializers::Adapter::Attributes (9.06ms)
Completed 500 Internal Server Error in 52ms (ActiveRecord: 1.1ms | Allocations: 24752)


  
NoMethodError (undefined method `powers' for #<HeroPower id: 1, strength: "Weak", hero_id: 1, power_id: 1, created_at: "2023-03-30 15:25:53.170476000 +0000", updated_at: "2023-03-30 15:25:53.170476000 +0000">
Did you mean?  power):
  
app/controllers/hero_powers_controller.rb:4:in `index'
Started GET "/hero_powers" for 127.0.0.1 at 2023-03-30 19:36:02 +0300
Processing by HeroPowersController#index as HTML
  [1m[36mHeroPower Load (0.2ms)[0m  [1m[34mSELECT "hero_powers".* FROM "hero_powers"[0m
  ↳ app/controllers/hero_powers_controller.rb:4:in `index'
[active_model_serializers] Rendered ActiveModel::Serializer::CollectionSerializer with ActiveModelSerializers::Adapter::Attributes (2.58ms)
Completed 200 OK in 15ms (Views: 10.1ms | ActiveRecord: 1.3ms | Allocations: 7544)


Started GET "/" for 127.0.0.1 at 2023-03-30 20:27:48 +0300
  [1m[36mActiveRecord::SchemaMigration Pluck (0.2ms)[0m  [1m[34mSELECT "schema_migrations"."version" FROM "schema_migrations" ORDER BY "schema_migrations"."version" ASC[0m
Processing by Rails::WelcomeController#index as HTML
  Rendering /var/lib/gems/3.0.0/gems/railties-7.0.4.3/lib/rails/templates/rails/welcome/index.html.erb
  Rendered /var/lib/gems/3.0.0/gems/railties-7.0.4.3/lib/rails/templates/rails/welcome/index.html.erb (Duration: 3.7ms | Allocations: 826)
Completed 200 OK in 16ms (Views: 7.4ms | ActiveRecord: 0.0ms | Allocations: 6544)


Started GET "/heroes" for 127.0.0.1 at 2023-03-30 20:27:56 +0300
Processing by HeroesController#index as HTML
  [1m[36mHero Load (0.1ms)[0m  [1m[34mSELECT "heros".* FROM "heros"[0m
  ↳ app/controllers/heroes_controller.rb:4:in `index'
[active_model_serializers]   [1m[36mPower Load (0.2ms)[0m  [1m[34mSELECT "powers".* FROM "powers" INNER JOIN "hero_powers" ON "powers"."id" = "hero_powers"."power_id" WHERE "hero_powers"."hero_id" = ?[0m  [["hero_id", 1]]
[active_model_serializers]   ↳ app/controllers/heroes_controller.rb:4:in `index'
[active_model_serializers]   [1m[36mPower Load (0.1ms)[0m  [1m[34mSELECT "powers".* FROM "powers" INNER JOIN "hero_powers" ON "powers"."id" = "hero_powers"."power_id" WHERE "hero_powers"."hero_id" = ?[0m  [["hero_id", 2]]
[active_model_serializers]   ↳ app/controllers/heroes_controller.rb:4:in `index'
[active_model_serializers]   [1m[36mPower Load (0.1ms)[0m  [1m[34mSELECT "powers".* FROM "powers" INNER JOIN "hero_powers" ON "powers"."id" = "hero_powers"."power_id" WHERE "hero_powers"."hero_id" = ?[0m  [["hero_id", 3]]
[active_model_serializers]   ↳ app/controllers/heroes_controller.rb:4:in `index'
[active_model_serializers]   [1m[36mPower Load (0.2ms)[0m  [1m[34mSELECT "powers".* FROM "powers" INNER JOIN "hero_powers" ON "powers"."id" = "hero_powers"."power_id" WHERE "hero_powers"."hero_id" = ?[0m  [["hero_id", 4]]
[active_model_serializers]   ↳ app/controllers/heroes_controller.rb:4:in `index'
[active_model_serializers]   [1m[36mPower Load (0.1ms)[0m  [1m[34mSELECT "powers".* FROM "powers" INNER JOIN "hero_powers" ON "powers"."id" = "hero_powers"."power_id" WHERE "hero_powers"."hero_id" = ?[0m  [["hero_id", 5]]
[active_model_serializers]   ↳ app/controllers/heroes_controller.rb:4:in `index'
[active_model_serializers] Rendered ActiveModel::Serializer::CollectionSerializer with ActiveModelSerializers::Adapter::Attributes (73.33ms)
Completed 200 OK in 108ms (Views: 96.9ms | ActiveRecord: 2.5ms | Allocations: 60403)


Started GET "/" for 127.0.0.1 at 2023-03-30 20:28:15 +0300
Processing by Rails::WelcomeController#index as HTML
  Rendering /var/lib/gems/3.0.0/gems/railties-7.0.4.3/lib/rails/templates/rails/welcome/index.html.erb
  Rendered /var/lib/gems/3.0.0/gems/railties-7.0.4.3/lib/rails/templates/rails/welcome/index.html.erb (Duration: 2.6ms | Allocations: 490)
Completed 200 OK in 13ms (Views: 8.2ms | ActiveRecord: 0.0ms | Allocations: 1455)


Started GET "/powers/1" for 127.0.0.1 at 2023-03-30 20:28:24 +0300
Processing by PowersController#show as HTML
  Parameters: {"id"=>"1"}
  [1m[36mPower Load (0.4ms)[0m  [1m[34mSELECT "powers".* FROM "powers" WHERE "powers"."id" = ? LIMIT ?[0m  [["id", 1], ["LIMIT", 1]]
  ↳ app/controllers/powers_controller.rb:8:in `show'
[active_model_serializers] Rendered PowerSerializer with ActiveModelSerializers::Adapter::Attributes (0.32ms)
Completed 200 OK in 4ms (Views: 0.9ms | ActiveRecord: 0.4ms | Allocations: 1246)


Started GET "/hero_powers" for 127.0.0.1 at 2023-03-30 20:28:46 +0300
Processing by HeroPowersController#index as HTML
  [1m[36mHeroPower Load (0.2ms)[0m  [1m[34mSELECT "hero_powers".* FROM "hero_powers"[0m
  ↳ app/controllers/hero_powers_controller.rb:4:in `index'
[active_model_serializers] Rendered ActiveModel::Serializer::CollectionSerializer with ActiveModelSerializers::Adapter::Attributes (1.2ms)
Completed 200 OK in 29ms (Views: 24.2ms | ActiveRecord: 0.6ms | Allocations: 16526)


Started GET "/hero_powers/4" for 127.0.0.1 at 2023-03-30 20:28:50 +0300
  
ActionController::RoutingError (No route matches [GET] "/hero_powers/4"):
  
Started GET "/hero_powers/3" for 127.0.0.1 at 2023-03-30 20:28:56 +0300
  
ActionController::RoutingError (No route matches [GET] "/hero_powers/3"):
  
Started GET "/hero_powers/1" for 127.0.0.1 at 2023-03-30 20:29:02 +0300
  
ActionController::RoutingError (No route matches [GET] "/hero_powers/1"):
  
Started GET "/hero_powers" for 127.0.0.1 at 2023-03-30 20:29:06 +0300
Processing by HeroPowersController#index as HTML
  [1m[36mHeroPower Load (0.6ms)[0m  [1m[34mSELECT "hero_powers".* FROM "hero_powers"[0m
  ↳ app/controllers/hero_powers_controller.rb:4:in `index'
[active_model_serializers] Rendered ActiveModel::Serializer::CollectionSerializer with ActiveModelSerializers::Adapter::Attributes (1.57ms)
Completed 200 OK in 6ms (Views: 5.2ms | ActiveRecord: 0.6ms | Allocations: 1862)


